29/Nov/2021 22:19:28,071- LoginToPage: User successfully logged in and Sales homepage is displayed
30/Nov/2021 15:58:13,185- LoginToPage: User successfully logged in and Sales homepage is displayed
30/Nov/2021 16:01:18,251- LoginToPage: User successfully logged in and Sales homepage is displayed
30/Nov/2021 16:09:27,797- LoginToPage: User successfully logged in and Sales homepage is displayed
30/Nov/2021 16:12:10,837- LoginToPage: User successfully logged in and Sales homepage is displayed
30/Nov/2021 16:14:12,648- LoginToPage: User successfully logged in and Sales homepage is displayed
30/Nov/2021 16:25:52,304- LoginToPage: User successfully logged in and Sales homepage is displayed
30/Nov/2021 16:47:35,244- LoginToPage: User successfully logged in and Sales homepage is displayed
30/Nov/2021 16:47:36,329- CreateNewAccount: CPA customer is selected
30/Nov/2021 16:49:41,291- LoginToPage: User successfully logged in and Sales homepage is displayed
30/Nov/2021 16:49:42,299- CreateNewAccount: CPA customer is selected
30/Nov/2021 16:50:54,678- LoginToPage: User successfully logged in and Sales homepage is displayed
30/Nov/2021 16:50:55,626- CreateNewAccount: CPA customer is selected
30/Nov/2021 16:53:18,451- LoginToPage: User successfully logged in and Sales homepage is displayed
30/Nov/2021 16:53:19,577- CreateNewAccount: CPA customer is selected
30/Nov/2021 20:31:06,952- LoginToPage: User successfully logged in and Sales homepage is displayed
30/Nov/2021 20:31:07,974- CreateNewAccount: CPA customer is selected
30/Nov/2021 20:32:03,831- LoginToPage: User successfully logged in and Sales homepage is displayed
30/Nov/2021 20:32:05,194- CreateNewAccount: CPA customer is selected
30/Nov/2021 20:34:23,077- LoginToPage: User successfully logged in and Sales homepage is displayed
30/Nov/2021 20:34:24,123- CreateNewAccount: CPA customer is selected
30/Nov/2021 20:35:25,054- LoginToPage: User successfully logged in and Sales homepage is displayed
30/Nov/2021 20:35:26,113- CreateNewAccount: CPA customer is selected
30/Nov/2021 20:44:58,317- LoginToPage: User successfully logged in and Sales homepage is displayed
30/Nov/2021 20:44:59,782- CreateNewAccount: CPA customer is selected
30/Nov/2021 20:46:05,021- LoginToPage: User successfully logged in and Sales homepage is displayed
30/Nov/2021 20:46:06,163- CreateNewAccount: CPA customer is selected
30/Nov/2021 20:54:17,004- LoginToPage: User successfully logged in and Sales homepage is displayed
30/Nov/2021 20:54:18,967- CreateNewAccount: CPA customer is selected
01/Dec/2021 11:15:18,310- LoginToPage: User successfully logged in and Sales homepage is displayed
01/Dec/2021 11:15:19,141- CreateNewAccount: CPA customer is selected
01/Dec/2021 11:17:01,598- LoginToPage: User successfully logged in and Sales homepage is displayed
01/Dec/2021 11:17:04,298- CreateNewAccount: CPA customer is selected
01/Dec/2021 11:17:57,642- LoginToPage: User successfully logged in and Sales homepage is displayed
01/Dec/2021 11:17:59,403- CreateNewAccount: CPA customer is selected
01/Dec/2021 11:20:21,880- LoginToPage: User successfully logged in and Sales homepage is displayed
01/Dec/2021 11:20:22,988- CreateNewAccount: CPA customer is selected
01/Dec/2021 11:22:21,392- LoginToPage: User successfully logged in and Sales homepage is displayed
01/Dec/2021 11:22:22,640- CreateNewAccount: CPA customer is selected
01/Dec/2021 11:23:08,607- LoginToPage: User successfully logged in and Sales homepage is displayed
01/Dec/2021 11:23:10,088- CreateNewAccount: CPA customer is selected
01/Dec/2021 11:24:34,399- LoginToPage: User successfully logged in and Sales homepage is displayed
01/Dec/2021 11:24:36,007- CreateNewAccount: CPA customer is selected
01/Dec/2021 11:26:18,456- LoginToPage: User successfully logged in and Sales homepage is displayed
01/Dec/2021 11:26:19,768- CreateNewAccount: CPA customer is selected
01/Dec/2021 11:31:06,689- LoginToPage: User successfully logged in and Sales homepage is displayed
01/Dec/2021 11:31:07,534- CreateNewAccount: CPA customer is selected
01/Dec/2021 11:32:46,316- LoginToPage: User successfully logged in and Sales homepage is displayed
01/Dec/2021 11:32:47,370- CreateNewAccount: CPA customer is selected
01/Dec/2021 11:38:27,000- LoginToPage: User successfully logged in and Sales homepage is displayed
01/Dec/2021 11:38:28,043- CreateNewAccount: CPA customer is selected
01/Dec/2021 11:45:19,731- LoginToPage: User successfully logged in and Sales homepage is displayed
01/Dec/2021 11:45:21,750- CreateNewAccount: CPA customer is selected
01/Dec/2021 11:52:50,571- LoginToPage: User successfully logged in and Sales homepage is displayed
01/Dec/2021 11:52:51,597- CreateNewAccount: CPA customer is selected
01/Dec/2021 11:53:24,910- LoginToPage: User successfully logged in and Sales homepage is displayed
01/Dec/2021 11:53:25,977- CreateNewAccount: CPA customer is selected
01/Dec/2021 11:55:43,665- LoginToPage: User successfully logged in and Sales homepage is displayed
01/Dec/2021 11:55:44,591- CreateNewAccount: CPA customer is selected
01/Dec/2021 12:03:18,476- LoginToPage: User successfully logged in and Sales homepage is displayed
01/Dec/2021 12:03:19,538- CreateNewAccount: CPA customer is selected
01/Dec/2021 12:04:37,114- LoginToPage: User successfully logged in and Sales homepage is displayed
01/Dec/2021 12:04:38,187- CreateNewAccount: CPA customer is selected
01/Dec/2021 12:05:49,805- LoginToPage: User successfully logged in and Sales homepage is displayed
01/Dec/2021 12:07:29,209- LoginToPage: User successfully logged in and Sales homepage is displayed
01/Dec/2021 12:07:30,460- CreateNewAccount: CPA customer is selected
01/Dec/2021 12:08:19,342- LoginToPage: User successfully logged in and Sales homepage is displayed
01/Dec/2021 12:08:20,467- CreateNewAccount: CPA customer is selected
01/Dec/2021 12:18:47,652- LoginToPage: User successfully logged in and Sales homepage is displayed
01/Dec/2021 12:18:49,139- CreateNewAccount: CPA customer is selected
01/Dec/2021 12:20:39,266- LoginToPage: User successfully logged in and Sales homepage is displayed
01/Dec/2021 12:20:40,267- CreateNewAccount: CPA customer is selected
01/Dec/2021 12:32:01,596- LoginToPage: User successfully logged in and Sales homepage is displayed
01/Dec/2021 12:32:56,678- LoginToPage: User successfully logged in and Sales homepage is displayed
01/Dec/2021 12:42:43,154- LoginToPage: User successfully logged in and Sales homepage is displayed
01/Dec/2021 12:46:46,921- LoginToPage: User successfully logged in and Sales homepage is displayed
01/Dec/2021 12:49:56,382- LoginToPage: User successfully logged in and Sales homepage is displayed
01/Dec/2021 12:51:14,725- LoginToPage: User successfully logged in and Sales homepage is displayed
01/Dec/2021 12:51:43,315- LoginToPage: User successfully logged in and Sales homepage is displayed
01/Dec/2021 12:52:24,393- LoginToPage: User successfully logged in and Sales homepage is displayed
01/Dec/2021 12:54:38,967- LoginToPage: User successfully logged in and Sales homepage is displayed
01/Dec/2021 12:57:35,294- LoginToPage: User successfully logged in and Sales homepage is displayed
01/Dec/2021 12:59:54,656- LoginToPage: User successfully logged in and Sales homepage is displayed
01/Dec/2021 13:03:08,436- LoginToPage: User successfully logged in and Sales homepage is displayed
01/Dec/2021 13:03:19,735- CreateNewAssetOnExistingAccount: Asset test12 was created.
01/Dec/2021 13:21:55,367- LoginToPage: User successfully logged in and Sales homepage is displayed
01/Dec/2021 13:24:19,438- LoginToPage: User successfully logged in and Sales homepage is displayed
01/Dec/2021 13:25:06,149- LoginToPage: User successfully logged in and Sales homepage is displayed
01/Dec/2021 13:26:23,244- LoginToPage: User successfully logged in and Sales homepage is displayed
01/Dec/2021 13:26:29,589- CPAAssetPopulation: For Automation Account ID before change is 153,813
01/Dec/2021 13:27:25,198- LoginToPage: User successfully logged in and Sales homepage is displayed
01/Dec/2021 13:27:31,679- CPAAssetPopulation: For Automation Account ID before change is 153,813
01/Dec/2021 13:47:05,799- LoginToPage: User successfully logged in and Sales homepage is displayed
01/Dec/2021 13:48:00,986- LoginToPage: User successfully logged in and Sales homepage is displayed
01/Dec/2021 13:48:21,191- CPAAssetPopulation: For Automation Account ID before change is 153,813
01/Dec/2021 13:52:20,256- LoginToPage: User successfully logged in and Sales homepage is displayed
01/Dec/2021 13:52:40,325- CPAAssetPopulation: For Automation Account ID before change is 153,813
01/Dec/2021 13:52:42,172- CPAAssetPopulation: For Automation Account ID after change is 
01/Dec/2021 13:52:42,200- CPAAssetPopulation: For Automation Account ID changed successfully
01/Dec/2021 13:54:05,480- LoginToPage: User successfully logged in and Sales homepage is displayed
01/Dec/2021 13:54:27,283- CPAAssetPopulation: For Automation Account ID before change is 153,813
01/Dec/2021 13:54:31,204- CPAAssetPopulation: Asset "test1" was saved.
01/Dec/2021 13:54:31,233- CPAAssetPopulation: For Automation Account ID after change is 124,237
01/Dec/2021 13:54:31,248- CPAAssetPopulation: For Automation Account ID changed successfully
01/Dec/2021 13:56:32,834- LoginToPage: User successfully logged in and Sales homepage is displayed
01/Dec/2021 13:56:34,120- CreateNewAccount: CPA customer is selected
01/Dec/2021 13:59:57,681- LoginToPage: User successfully logged in and Sales homepage is displayed
01/Dec/2021 13:59:58,750- CreateNewAccount: CPA customer is selected
01/Dec/2021 14:00:39,852- CreateNewAccount: Account "Filip_testAcc1" was created.
01/Dec/2021 14:01:26,922- LoginToPage: User successfully logged in and Sales homepage is displayed
01/Dec/2021 14:01:37,381- CreateNewAssetOnExistingAccount: Asset test was created.
01/Dec/2021 14:02:13,835- LoginToPage: User successfully logged in and Sales homepage is displayed
01/Dec/2021 14:02:34,077- CPAAssetPopulation: For Automation Account ID before change is 153,814
01/Dec/2021 14:05:28,375- LoginToPage: User successfully logged in and Sales homepage is displayed
01/Dec/2021 14:05:48,074- CPAAssetPopulation: For Automation Account ID before change is 153,814
01/Dec/2021 14:07:08,256- LoginToPage: User successfully logged in and Sales homepage is displayed
01/Dec/2021 14:07:27,965- CPAAssetPopulation: For Automation Account ID before change is 153,814
01/Dec/2021 14:08:59,075- LoginToPage: User successfully logged in and Sales homepage is displayed
01/Dec/2021 14:09:18,558- CPAAssetPopulation: For Automation Account ID before change is 153,814
01/Dec/2021 14:09:23,430- CPAAssetPopulation: Asset "test" was saved.
01/Dec/2021 14:09:23,479- CPAAssetPopulation: For Automation Account ID after change is 124,237
01/Dec/2021 14:09:23,509- CPAAssetPopulation: For Automation Account ID changed successfully
01/Dec/2021 14:10:07,640- LoginToPage: User successfully logged in and Sales homepage is displayed
01/Dec/2021 14:10:28,998- CPAAssetPopulation: For Automation Account ID before change is 153,814
01/Dec/2021 14:10:34,201- CPAAssetPopulation: Asset "test" was saved.
01/Dec/2021 14:10:34,226- CPAAssetPopulation: For Automation Account ID after change is 124,237
01/Dec/2021 14:10:34,241- CPAAssetPopulation: For Automation Account ID changed successfully
01/Dec/2021 14:44:33,491- LoginToPage: User successfully logged in and Sales homepage is displayed
01/Dec/2021 14:44:34,774- CreateNewAccount: CPA customer is selected
01/Dec/2021 14:45:17,365- CreateNewAccount: Account "Filip_testAcc2" was created.
01/Dec/2021 14:46:43,605- LoginToPage: User successfully logged in and Sales homepage is displayed
01/Dec/2021 14:46:54,916- CreateNewAssetOnExistingAccount: Asset test was created.
01/Dec/2021 14:47:39,339- LoginToPage: User successfully logged in and Sales homepage is displayed
01/Dec/2021 14:48:40,278- LoginToPage: User successfully logged in and Sales homepage is displayed
01/Dec/2021 14:49:14,169- LoginToPage: User successfully logged in and Sales homepage is displayed
01/Dec/2021 14:49:35,725- CPAAssetPopulation: For Automation Account ID before change is 153,815
01/Dec/2021 14:50:33,154- LoginToPage: User successfully logged in and Sales homepage is displayed
01/Dec/2021 14:51:45,554- LoginToPage: User successfully logged in and Sales homepage is displayed
01/Dec/2021 14:52:07,321- CPAAssetPopulation: For Automation Account ID before change is 153,815
01/Dec/2021 15:02:27,856- LoginToPage: User successfully logged in and Sales homepage is displayed
01/Dec/2021 15:02:48,835- CPAAssetPopulation: For Automation Account ID before change is 153,815
01/Dec/2021 15:02:58,362- CPAAssetPopulation: Asset "test" was saved.
01/Dec/2021 15:02:58,400- CPAAssetPopulation: For Automation Account ID after change is 124,237
01/Dec/2021 15:02:58,428- CPAAssetPopulation: For Automation Account ID changed successfully
01/Dec/2021 15:03:33,116- LoginToPage: User successfully logged in and Sales homepage is displayed
01/Dec/2021 15:03:54,591- CPAAssetPopulation: For Automation Account ID before change is 153,815
01/Dec/2021 15:03:59,899- CPAAssetPopulation: Asset "test" was saved.
01/Dec/2021 15:03:59,923- CPAAssetPopulation: For Automation Account ID after change is 124,237
01/Dec/2021 15:03:59,952- CPAAssetPopulation: For Automation Account ID changed successfully
01/Dec/2021 18:01:34,792- LoginToPage: User successfully logged in and Sales homepage is displayed
01/Dec/2021 18:02:02,036- LoginToPage: User successfully logged in and Sales homepage is displayed
01/Dec/2021 18:04:47,955- LoginToPage: User successfully logged in and Sales homepage is displayed
01/Dec/2021 18:08:24,690- LoginToPage: User successfully logged in and Sales homepage is displayed
01/Dec/2021 18:09:33,774- LoginToPage: User successfully logged in and Sales homepage is displayed
01/Dec/2021 18:14:17,132- LoginToPage: User successfully logged in and Sales homepage is displayed
01/Dec/2021 18:15:05,526- LoginToPage: User successfully logged in and Sales homepage is displayed
01/Dec/2021 18:21:45,469- LoginToPage: User successfully logged in and Sales homepage is displayed
01/Dec/2021 18:23:53,809- LoginToPage: User successfully logged in and Sales homepage is displayed
01/Dec/2021 18:26:04,957- LoginToPage: User successfully logged in and Sales homepage is displayed
01/Dec/2021 18:27:34,243- LoginToPage: User successfully logged in and Sales homepage is displayed
01/Dec/2021 18:50:05,106- LoginToPage: User successfully logged in and Sales homepage is displayed
01/Dec/2021 18:51:22,206- LoginToPage: User successfully logged in and Sales homepage is displayed
01/Dec/2021 18:55:27,358- LoginToPage: User successfully logged in and Sales homepage is displayed
01/Dec/2021 18:57:03,181- LoginToPage: User successfully logged in and Sales homepage is displayed
01/Dec/2021 18:58:01,758- LoginToPage: User successfully logged in and Sales homepage is displayed
01/Dec/2021 18:59:47,079- LoginToPage: User successfully logged in and Sales homepage is displayed
01/Dec/2021 19:00:45,738- LoginToPage: User successfully logged in and Sales homepage is displayed
01/Dec/2021 19:02:11,459- LoginToPage: User successfully logged in and Sales homepage is displayed
01/Dec/2021 19:03:13,578- LoginToPage: User successfully logged in and Sales homepage is displayed
01/Dec/2021 19:06:12,489- LoginToPage: User successfully logged in and Sales homepage is displayed
01/Dec/2021 19:08:00,866- LoginToPage: User successfully logged in and Sales homepage is displayed
01/Dec/2021 19:12:13,834- LoginToPage: User successfully logged in and Sales homepage is displayed
01/Dec/2021 19:12:57,832- LoginToPage: User successfully logged in and Sales homepage is displayed
01/Dec/2021 19:40:51,278- LoginToPage: User successfully logged in and Sales homepage is displayed
01/Dec/2021 19:43:19,759- LoginToPage: User successfully logged in and Sales homepage is displayed
01/Dec/2021 19:49:55,477- LoginToPage: User successfully logged in and Sales homepage is displayed
01/Dec/2021 19:55:58,821- LoginToPage: User successfully logged in and Sales homepage is displayed
01/Dec/2021 19:56:57,416- LoginToPage: User successfully logged in and Sales homepage is displayed
01/Dec/2021 19:58:17,238- LoginToPage: User successfully logged in and Sales homepage is displayed
01/Dec/2021 20:47:22,567- LoginToPage: User successfully logged in and Sales homepage is displayed
01/Dec/2021 20:49:49,154- LoginToPage: User successfully logged in and Sales homepage is displayed
01/Dec/2021 20:50:44,009- LoginToPage: User successfully logged in and Sales homepage is displayed
01/Dec/2021 20:51:42,132- LoginToPage: User successfully logged in and Sales homepage is displayed
01/Dec/2021 20:53:03,062- LoginToPage: User successfully logged in and Sales homepage is displayed
01/Dec/2021 20:53:13,778- AutoCalculateSeverityLevel: At Risk Register "test" was created.
01/Dec/2021 20:57:39,185- LoginToPage: User successfully logged in and Sales homepage is displayed
01/Dec/2021 20:57:48,083- AutoCalculateSeverityLevel: At Risk Register "test" was created.
01/Dec/2021 20:58:28,661- LoginToPage: User successfully logged in and Sales homepage is displayed
01/Dec/2021 20:58:41,135- AutoCalculateSeverityLevel: At Risk Register "test1" was created.
01/Dec/2021 21:00:10,451- LoginToPage: User successfully logged in and Sales homepage is displayed
01/Dec/2021 21:00:20,848- AutoCalculateSeverityLevel: At Risk Register "test" was created.
01/Dec/2021 21:07:20,690- LoginToPage: User successfully logged in and Sales homepage is displayed
01/Dec/2021 21:07:31,474- AutoCalculateSeverityLevel: At Risk Register "test" was created.
01/Dec/2021 21:07:38,709- AutoCalculateSeverityLevel: Something went wrong
01/Dec/2021 21:08:39,074- LoginToPage: User successfully logged in and Sales homepage is displayed
01/Dec/2021 21:08:49,549- AutoCalculateSeverityLevel: At Risk Register "test" was created.
01/Dec/2021 21:08:56,315- AutoCalculateSeverityLevel: Something went wrong
01/Dec/2021 21:10:03,233- LoginToPage: User successfully logged in and Sales homepage is displayed
01/Dec/2021 21:10:15,098- AutoCalculateSeverityLevel: At Risk Register "test" was created.
01/Dec/2021 21:10:21,596- AutoCalculateSeverityLevel: 
01/Dec/2021 21:10:21,646- AutoCalculateSeverityLevel: Something went wrong
01/Dec/2021 21:12:49,023- LoginToPage: User successfully logged in and Sales homepage is displayed
01/Dec/2021 21:12:59,495- AutoCalculateSeverityLevel: At Risk Register "test" was created.
01/Dec/2021 22:21:36,756- LoginToPage: User successfully logged in and Sales homepage is displayed
01/Dec/2021 22:21:46,597- AutoCalculateSeverityLevel: At Risk Register "test" was created.
01/Dec/2021 22:23:32,247- LoginToPage: User successfully logged in and Sales homepage is displayed
01/Dec/2021 22:24:13,584- LoginToPage: User successfully logged in and Sales homepage is displayed
01/Dec/2021 22:24:24,101- AutoCalculateSeverityLevel: At Risk Register "test" was created.
01/Dec/2021 22:24:30,906- AutoCalculateSeverityLevel: 
01/Dec/2021 22:24:30,987- AutoCalculateSeverityLevel: Something went wrong
01/Dec/2021 22:33:12,567- LoginToPage: User successfully logged in and Sales homepage is displayed
01/Dec/2021 22:33:21,387- AutoCalculateSeverityLevel: At Risk Register "test" was created.
01/Dec/2021 22:34:35,696- LoginToPage: User successfully logged in and Sales homepage is displayed
01/Dec/2021 22:34:44,784- AutoCalculateSeverityLevel: At Risk Register "test" was created.
01/Dec/2021 22:35:50,145- LoginToPage: User successfully logged in and Sales homepage is displayed
01/Dec/2021 22:36:01,214- AutoCalculateSeverityLevel: At Risk Register "test" was created.
01/Dec/2021 22:45:22,500- LoginToPage: User successfully logged in and Sales homepage is displayed
01/Dec/2021 22:45:32,753- AutoCalculateSeverityLevel: At Risk Register "test" was created.
01/Dec/2021 22:47:16,081- LoginToPage: User successfully logged in and Sales homepage is displayed
01/Dec/2021 22:47:27,512- AutoCalculateSeverityLevel: At Risk Register "test" was created.
01/Dec/2021 23:01:12,664- LoginToPage: User successfully logged in and Sales homepage is displayed
01/Dec/2021 23:02:25,777- LoginToPage: User successfully logged in and Sales homepage is displayed
01/Dec/2021 23:02:34,747- AutoCalculateSeverityLevel: At Risk Register "test" was created.
01/Dec/2021 23:12:06,703- LoginToPage: User successfully logged in and Sales homepage is displayed
01/Dec/2021 23:12:16,310- AutoCalculateSeverityLevel: At Risk Register "test" was created.
01/Dec/2021 23:12:25,321- AutoCalculateSeverityLevel: Very High
01/Dec/2021 23:18:10,786- LoginToPage: User successfully logged in and Sales homepage is displayed
01/Dec/2021 23:18:21,689- AutoCalculateSeverityLevel: At Risk Register "test" was created.
01/Dec/2021 23:18:30,795- AutoCalculateSeverityLevel: Something went wrong
01/Dec/2021 23:20:11,443- LoginToPage: User successfully logged in and Sales homepage is displayed
01/Dec/2021 23:20:21,462- AutoCalculateSeverityLevel: At Risk Register "test" was created.
01/Dec/2021 23:20:30,536- AutoCalculateSeverityLevel: Very High
01/Dec/2021 23:20:30,560- AutoCalculateSeverityLevel: Something went wrong
01/Dec/2021 23:22:04,142- LoginToPage: User successfully logged in and Sales homepage is displayed
01/Dec/2021 23:22:13,319- AutoCalculateSeverityLevel: At Risk Register "test" was created.
01/Dec/2021 23:22:22,449- AutoCalculateSeverityLevel: Very High
01/Dec/2021 23:22:22,472- AutoCalculateSeverityLevel: Something went wrong
01/Dec/2021 23:24:01,524- LoginToPage: User successfully logged in and Sales homepage is displayed
01/Dec/2021 23:24:10,411- AutoCalculateSeverityLevel: At Risk Register "test" was created.
01/Dec/2021 23:24:19,875- AutoCalculateSeverityLevel: Very High
01/Dec/2021 23:24:19,875- AutoCalculateSeverityLevel: Something went wrong
01/Dec/2021 23:25:06,046- LoginToPage: User successfully logged in and Sales homepage is displayed
01/Dec/2021 23:25:18,963- AutoCalculateSeverityLevel: At Risk Register "test" was created.
01/Dec/2021 23:25:28,445- AutoCalculateSeverityLevel: Very High
01/Dec/2021 23:25:28,446- AutoCalculateSeverityLevel: Something went wrong
01/Dec/2021 23:27:18,315- LoginToPage: User successfully logged in and Sales homepage is displayed
01/Dec/2021 23:27:30,532- AutoCalculateSeverityLevel: At Risk Register "test" was created.
01/Dec/2021 23:27:40,279- AutoCalculateSeverityLevel: Very High
01/Dec/2021 23:27:40,279- AutoCalculateSeverityLevel: Something went wrong
01/Dec/2021 23:28:56,678- LoginToPage: User successfully logged in and Sales homepage is displayed
01/Dec/2021 23:29:53,641- LoginToPage: User successfully logged in and Sales homepage is displayed
01/Dec/2021 23:30:03,902- AutoCalculateSeverityLevel: At Risk Register "test" was created.
01/Dec/2021 23:30:13,432- AutoCalculateSeverityLevel: Very High
01/Dec/2021 23:30:13,432- AutoCalculateSeverityLevel: When Revenue At Risk is 1000000 then security level is Very High
02/Dec/2021 10:16:04,874- LoginToPage: User successfully logged in and Sales homepage is displayed
02/Dec/2021 10:16:06,572- CreateNewAccount: CPA customer is selected
02/Dec/2021 10:41:26,008- LoginToPage: User successfully logged in and Sales homepage is displayed
02/Dec/2021 10:41:28,891- CreateNewAccount: CPA customer is selected
02/Dec/2021 10:42:24,239- LoginToPage: User successfully logged in and Sales homepage is displayed
02/Dec/2021 10:42:25,160- CreateNewAccount: CPA customer is selected
02/Dec/2021 10:43:07,931- CreateNewAccount: Account "Filip_testAcc4" was created.
02/Dec/2021 10:44:04,825- LoginToPage: User successfully logged in and Sales homepage is displayed
02/Dec/2021 10:44:19,579- CreateNewAssetOnExistingAccount: Asset test was created.
02/Dec/2021 10:44:50,060- LoginToPage: User successfully logged in and Sales homepage is displayed
02/Dec/2021 10:45:29,550- LoginToPage: User successfully logged in and Sales homepage is displayed
02/Dec/2021 10:46:02,802- LoginToPage: User successfully logged in and Sales homepage is displayed
02/Dec/2021 10:46:30,412- CPAAssetPopulation: For Automation Account ID before change is 153,816
02/Dec/2021 10:46:36,140- CPAAssetPopulation: Asset "test" was saved.
02/Dec/2021 10:46:36,162- CPAAssetPopulation: For Automation Account ID after change is 124,237
02/Dec/2021 10:46:36,194- CPAAssetPopulation: For Automation Account ID changed successfully
02/Dec/2021 10:47:34,791- LoginToPage: User successfully logged in and Sales homepage is displayed
02/Dec/2021 10:47:49,379- AutoCalculateSeverityLevel: At Risk Register "test" was created.
02/Dec/2021 10:47:58,394- AutoCalculateSeverityLevel: Very High
02/Dec/2021 10:47:58,394- AutoCalculateSeverityLevel: When Revenue At Risk is 1000000 then security level is Very High
02/Dec/2021 10:49:03,928- LoginToPage: User successfully logged in and Sales homepage is displayed
02/Dec/2021 10:49:14,389- AutoCalculateSeverityLevel: At Risk Register "test" was created.
02/Dec/2021 10:49:23,540- AutoCalculateSeverityLevel: Very High
02/Dec/2021 10:49:23,541- AutoCalculateSeverityLevel: When Revenue At Risk is 400000 then security level is Very High
02/Dec/2021 10:50:31,732- LoginToPage: User successfully logged in and Sales homepage is displayed
02/Dec/2021 10:50:41,461- AutoCalculateSeverityLevel: At Risk Register "test1" was created.
06/Dec/2021 15:36:26,880- LoginToPage: User successfully logged in and Sales homepage is displayed
06/Dec/2021 15:37:49,335- LoginToPage: User successfully logged in and Sales homepage is displayed
06/Dec/2021 15:39:35,209- LoginToPage: User successfully logged in and Sales homepage is displayed
06/Dec/2021 15:46:31,808- LoginToPage: User successfully logged in and Sales homepage is displayed
06/Dec/2021 15:47:35,440- LoginToPage: User successfully logged in and Sales homepage is displayed
06/Dec/2021 15:47:45,589- AutopopulateAccountYDTRank: 
06/Dec/2021 15:50:37,448- LoginToPage: User successfully logged in and Sales homepage is displayed
06/Dec/2021 15:50:44,662- AutopopulateAccountYDTRank: 
06/Dec/2021 15:53:40,244- LoginToPage: User successfully logged in and Sales homepage is displayed
06/Dec/2021 15:53:52,373- AutopopulateAccountYDTRank: YTD Rank updated successfully
06/Dec/2021 15:57:15,453- LoginToPage: User successfully logged in and Sales homepage is displayed
06/Dec/2021 15:57:24,641- AutopopulateAccountYDTRank: Client Overview "test" was created.
06/Dec/2021 15:57:28,146- AutopopulateAccountYDTRank: YTD Rank updated successfully
21/Dec/2021 16:52:09,846- LoginToPage: User successfully logged in and Sales homepage is displayed
21/Dec/2021 16:52:11,944- CreateNewAccount: CPA customer is selected
21/Dec/2021 16:53:30,881- LoginToPage: User successfully logged in and Sales homepage is displayed
21/Dec/2021 16:53:31,981- CreateNewAccount: CPA customer is selected
24/Dec/2021 13:51:25,390- LoginToPage: User successfully logged in and Sales homepage is displayed
24/Dec/2021 13:51:27,726- CreateNewAccount: CPA customer is selected
24/Dec/2021 13:52:43,686- LoginToPage: User successfully logged in and Sales homepage is displayed
24/Dec/2021 13:53:49,655- LoginToPage: User successfully logged in and Sales homepage is displayed
24/Dec/2021 13:57:48,631- LoginToPage: User successfully logged in and Sales homepage is displayed
24/Dec/2021 13:59:31,476- LoginToPage: User successfully logged in and Sales homepage is displayed
24/Dec/2021 14:00:10,314- LoginToPage: User successfully logged in and Sales homepage is displayed
24/Dec/2021 14:01:45,656- LoginToPage: User successfully logged in and Sales homepage is displayed
24/Dec/2021 14:02:44,126- LoginToPage: User successfully logged in and Sales homepage is displayed
24/Dec/2021 14:04:03,507- LoginToPage: User successfully logged in and Sales homepage is displayed
24/Dec/2021 14:05:11,385- LoginToPage: User successfully logged in and Sales homepage is displayed
24/Dec/2021 14:06:18,492- LoginToPage: User successfully logged in and Sales homepage is displayed
24/Dec/2021 14:06:35,181- CreateNewAssetOnExistingAccount: Asset test was created.
24/Dec/2021 15:09:33,865- LoginToPage: User successfully logged in and Sales homepage is displayed
24/Dec/2021 15:10:18,668- LoginToPage: User successfully logged in and Sales homepage is displayed
24/Dec/2021 15:10:30,436- AutoCalculateSeverityLevel: At Risk Register "test" was created.
24/Dec/2021 15:10:39,407- AutoCalculateSeverityLevel: Very High
24/Dec/2021 15:10:39,408- AutoCalculateSeverityLevel: When Revenue At Risk is 1000000 then security level is Very High
24/Dec/2021 15:16:53,290- LoginToPage: User successfully logged in and Sales homepage is displayed
24/Dec/2021 15:17:04,175- AutopopulateAccountYDTRank: Client Overview "test" was created.
24/Dec/2021 15:17:06,865- AutopopulateAccountYDTRank: YTD Rank updated successfully
26/Dec/2021 13:38:57,296- LoginToPage: User successfully logged in and Sales homepage is displayed
27/Dec/2021 14:07:50,137- LoginToPage: User successfully logged in and Sales homepage is displayed
27/Dec/2021 14:07:50,847- CreateNewAccount: CPA customer is selected
27/Dec/2021 14:21:29,263- LoginToPage: User successfully logged in and Sales homepage is displayed
27/Dec/2021 14:21:30,394- CreateNewAccount: CPA customer is selected
29/Jan/2022 12:10:12,767- LoginToPage: User successfully logged in and Sales homepage is displayed
29/Jan/2022 12:11:30,503- LoginToPage: User successfully logged in and Sales homepage is displayed
29/Jan/2022 12:13:23,911- LoginToPage: User successfully logged in and Sales homepage is displayed
29/Jan/2022 12:15:43,960- LoginToPage: User successfully logged in and Sales homepage is displayed
29/Jan/2022 12:17:37,047- LoginToPage: User successfully logged in and Sales homepage is displayed
29/Jan/2022 12:19:23,073- LoginToPage: User successfully logged in and Sales homepage is displayed
29/Jan/2022 12:21:17,178- LoginToPage: User successfully logged in and Sales homepage is displayed
29/Jan/2022 12:23:44,713- LoginToPage: User successfully logged in and Sales homepage is displayed
29/Jan/2022 12:26:48,443- LoginToPage: User successfully logged in and Sales homepage is displayed
29/Jan/2022 12:26:51,522- CaptureProductInterest: New Contact is opened
29/Jan/2022 12:36:17,457- LoginToPage: User successfully logged in and Sales homepage is displayed
29/Jan/2022 12:36:20,432- CaptureProductInterest: New Contact is opened
29/Jan/2022 12:38:59,976- LoginToPage: User successfully logged in and Sales homepage is displayed
29/Jan/2022 12:39:03,326- CaptureProductInterest: New Contact is opened
29/Jan/2022 12:44:23,566- LoginToPage: User successfully logged in and Sales homepage is displayed
29/Jan/2022 12:44:27,766- CaptureProductInterest: New Contact is opened
29/Jan/2022 12:46:51,157- LoginToPage: User successfully logged in and Sales homepage is displayed
29/Jan/2022 12:46:54,496- CaptureProductInterest: New Contact is opened
29/Jan/2022 13:02:08,703- LoginToPage: User successfully logged in and Sales homepage is displayed
29/Jan/2022 13:02:48,204- LoginToPage: User successfully logged in and Sales homepage is displayed
29/Jan/2022 13:02:51,565- CaptureProductInterest: New Contact is opened
29/Jan/2022 13:05:12,422- LoginToPage: User successfully logged in and Sales homepage is displayed
29/Jan/2022 13:05:15,362- CaptureProductInterest: New Contact is opened
29/Jan/2022 13:07:32,197- LoginToPage: User successfully logged in and Sales homepage is displayed
29/Jan/2022 13:07:35,332- CaptureProductInterest: New Contact is opened
29/Jan/2022 13:09:11,628- LoginToPage: User successfully logged in and Sales homepage is displayed
29/Jan/2022 13:09:14,593- CaptureProductInterest: New Contact is opened
29/Jan/2022 13:18:33,997- LoginToPage: User successfully logged in and Sales homepage is displayed
29/Jan/2022 13:18:37,881- CaptureProductInterest: New Contact is opened
29/Jan/2022 13:27:55,436- LoginToPage: User successfully logged in and Sales homepage is displayed
29/Jan/2022 13:27:58,460- CaptureProductInterest: New Contact is opened
29/Jan/2022 13:29:26,825- LoginToPage: User successfully logged in and Sales homepage is displayed
29/Jan/2022 13:29:30,011- CaptureProductInterest: New Contact is opened
29/Jan/2022 13:34:53,439- LoginToPage: User successfully logged in and Sales homepage is displayed
29/Jan/2022 13:34:56,713- CaptureProductInterest: New Contact is opened
29/Jan/2022 13:35:38,822- LoginToPage: User successfully logged in and Sales homepage is displayed
29/Jan/2022 13:35:42,027- CaptureProductInterest: New Contact is opened
29/Jan/2022 13:36:44,108- LoginToPage: User successfully logged in and Sales homepage is displayed
29/Jan/2022 13:36:47,242- CaptureProductInterest: New Contact is opened
29/Jan/2022 13:38:01,096- LoginToPage: User successfully logged in and Sales homepage is displayed
29/Jan/2022 13:38:04,325- CaptureProductInterest: New Contact is opened
29/Jan/2022 13:40:20,290- LoginToPage: User successfully logged in and Sales homepage is displayed
29/Jan/2022 13:40:50,824- LoginToPage: User successfully logged in and Sales homepage is displayed
29/Jan/2022 13:40:54,456- CaptureProductInterest: New Contact is opened
29/Jan/2022 13:44:22,113- LoginToPage: User successfully logged in and Sales homepage is displayed
29/Jan/2022 13:44:25,417- CaptureProductInterest: New Contact is opened
29/Jan/2022 13:45:12,225- LoginToPage: User successfully logged in and Sales homepage is displayed
29/Jan/2022 13:45:15,435- CaptureProductInterest: New Contact is opened
29/Jan/2022 13:46:19,698- LoginToPage: User successfully logged in and Sales homepage is displayed
29/Jan/2022 13:46:22,586- CaptureProductInterest: New Contact is opened
29/Jan/2022 13:47:33,929- LoginToPage: User successfully logged in and Sales homepage is displayed
29/Jan/2022 13:47:38,105- CaptureProductInterest: New Contact is opened
29/Jan/2022 13:49:23,690- LoginToPage: User successfully logged in and Sales homepage is displayed
29/Jan/2022 13:49:28,065- CaptureProductInterest: New Contact is opened
29/Jan/2022 13:53:46,422- LoginToPage: User successfully logged in and Sales homepage is displayed
29/Jan/2022 13:53:49,542- CaptureProductInterest: New Contact is opened
29/Jan/2022 13:58:55,413- LoginToPage: User successfully logged in and Sales homepage is displayed
29/Jan/2022 13:58:58,414- CaptureProductInterest: New Contact is opened
29/Jan/2022 14:05:07,222- LoginToPage: User successfully logged in and Sales homepage is displayed
29/Jan/2022 14:05:10,275- CaptureProductInterest: New Contact is opened
29/Jan/2022 14:07:40,970- LoginToPage: User successfully logged in and Sales homepage is displayed
29/Jan/2022 14:07:43,924- CaptureProductInterest: New Contact is opened
29/Jan/2022 14:07:58,114- CaptureProductInterest: Contact "Mr. Filip Jakovlevski" was created.
29/Jan/2022 14:09:34,249- LoginToPage: User successfully logged in and Sales homepage is displayed
29/Jan/2022 14:09:37,501- CaptureProductInterest: New Contact is opened
29/Jan/2022 14:09:50,734- CaptureProductInterest: Contact "Mr. Filip Jakovlevski" was created.
29/Jan/2022 14:15:20,559- LoginToPage: User successfully logged in and Sales homepage is displayed
29/Jan/2022 14:15:23,948- CaptureProductInterest: New Contact is opened
29/Jan/2022 14:15:37,074- CaptureProductInterest: Contact "Mr. Filip Jakovlevski" was created.
29/Jan/2022 14:17:09,080- LoginToPage: User successfully logged in and Sales homepage is displayed
29/Jan/2022 14:17:12,060- CaptureProductInterest: New Contact is opened
29/Jan/2022 14:17:26,046- CaptureProductInterest: Contact "Mr. Filip Jakovlevski" was created.
29/Jan/2022 14:17:26,591- CaptureProductInterest: After creating contact Life Cycle Status is Prospect
29/Jan/2022 14:28:38,151- LoginToPage: User successfully logged in and Sales homepage is displayed
29/Jan/2022 14:28:42,242- CaptureProductInterest: New Contact is opened
29/Jan/2022 14:28:55,279- CaptureProductInterest: Contact "Mr. Filip Jakovlevski" was created.
29/Jan/2022 14:28:56,112- CaptureProductInterest: After creating contact Life Cycle Status is Prospect
29/Jan/2022 14:30:30,025- LoginToPage: User successfully logged in and Sales homepage is displayed
29/Jan/2022 14:30:33,083- CaptureProductInterest: New Contact is opened
29/Jan/2022 14:30:46,139- CaptureProductInterest: Contact "Mr. Filip Jakovlevski" was created.
29/Jan/2022 14:30:46,986- CaptureProductInterest: After creating contact Life Cycle Status is Prospect
29/Jan/2022 14:31:33,989- LoginToPage: User successfully logged in and Sales homepage is displayed
29/Jan/2022 14:31:36,978- CaptureProductInterest: New Contact is opened
29/Jan/2022 14:31:49,934- CaptureProductInterest: Contact "Mr. Filip Jakovlevski" was created.
29/Jan/2022 14:31:51,025- CaptureProductInterest: After creating contact Life Cycle Status is Prospect
29/Jan/2022 14:32:03,986- CaptureProductInterest: After selecting Unable to reach option on Reject or Return to Marketing Cycle Status is Prospect
29/Jan/2022 14:33:23,302- LoginToPage: User successfully logged in and Sales homepage is displayed
29/Jan/2022 14:33:26,385- CaptureProductInterest: New Contact is opened
29/Jan/2022 14:33:40,090- CaptureProductInterest: Contact "Mr. Filip Jakovlevski" was created.
29/Jan/2022 14:33:41,003- CaptureProductInterest: After creating contact Life Cycle Status is Prospect
29/Jan/2022 14:33:54,025- CaptureProductInterest: After selecting Unable to reach option on Reject or Return to Marketing Cycle Status is Prospect
29/Jan/2022 14:34:59,246- LoginToPage: User successfully logged in and Sales homepage is displayed
29/Jan/2022 14:35:04,371- CaptureProductInterest: New Contact is opened
29/Jan/2022 14:35:41,772- LoginToPage: User successfully logged in and Sales homepage is displayed
29/Jan/2022 14:35:45,422- CaptureProductInterest: New Contact is opened
29/Jan/2022 14:35:59,935- CaptureProductInterest: Contact "Mr. Filip Jakovlevski" was created.
29/Jan/2022 14:36:00,877- CaptureProductInterest: After creating contact Life Cycle Status is Prospect
29/Jan/2022 14:36:13,878- CaptureProductInterest: After selecting Unable to reach option on Reject or Return to Marketing Cycle Status is Prospect
29/Jan/2022 14:37:48,509- LoginToPage: User successfully logged in and Sales homepage is displayed
29/Jan/2022 14:37:51,557- CaptureProductInterest: New Contact is opened
29/Jan/2022 14:38:04,868- CaptureProductInterest: Contact "Mr. Filip Jakovlevski" was created.
29/Jan/2022 14:38:05,813- CaptureProductInterest: After creating contact Life Cycle Status is Prospect
29/Jan/2022 14:38:09,386- CaptureProductInterest: After selecting Unable to reach option on Reject or Return to Marketing Cycle Status is Prospect
29/Jan/2022 14:39:11,670- LoginToPage: User successfully logged in and Sales homepage is displayed
29/Jan/2022 14:39:14,710- CaptureProductInterest: New Contact is opened
29/Jan/2022 14:39:27,883- CaptureProductInterest: Contact "Mr. Filip Jakovlevski" was created.
29/Jan/2022 14:39:28,679- CaptureProductInterest: After creating contact Life Cycle Status is Prospect
29/Jan/2022 14:39:34,332- CaptureProductInterest: After selecting Unable to reach option on Reject or Return to Marketing Cycle Status is Engaged
29/Jan/2022 14:41:58,427- LoginToPage: User successfully logged in and Sales homepage is displayed
29/Jan/2022 14:42:01,297- CaptureProductInterest: New Contact is opened
29/Jan/2022 14:42:14,572- CaptureProductInterest: Contact "Mr. Filip Jakovlevski" was created.
29/Jan/2022 14:42:15,303- CaptureProductInterest: After creating contact Life Cycle Status is Prospect
29/Jan/2022 14:42:20,990- CaptureProductInterest: After selecting Unable to reach option on Reject or Return to Marketing Cycle Status is Engaged
29/Jan/2022 14:42:24,271- CaptureProductInterest: After selecting Not a relevant contact option on Reject or Return to Marketing Cycle Status is Dead
30/Jan/2022 17:57:50,830- LoginToPage: User successfully logged in and Sales homepage is displayed
30/Jan/2022 17:57:53,812- CreateNewContact: New Contact is opened
30/Jan/2022 17:58:07,136- CreateNewContact: Contact "Mr. Filip Jakovlevski" was created.
30/Jan/2022 18:10:20,579- LoginToPage: User successfully logged in and Sales homepage is displayed
30/Jan/2022 18:10:23,741- CreateNewContact: New Contact is opened
30/Jan/2022 18:10:36,592- CreateNewContact: Contact "Mr. Filip Jakovlevski" was created.
30/Jan/2022 18:13:18,599- LoginToPage: User successfully logged in and Sales homepage is displayed
30/Jan/2022 18:13:21,379- CreateNewContact: New Contact is opened
30/Jan/2022 18:13:33,816- CreateNewContact: Contact "Mr. Filip Jakovlevski" was created.
30/Jan/2022 18:14:33,857- LoginToPage: User successfully logged in and Sales homepage is displayed
30/Jan/2022 18:14:36,982- CreateNewContact: New Contact is opened
30/Jan/2022 18:14:50,100- CreateNewContact: Contact "Mr. Filip Jakovlevski" was created.
30/Jan/2022 18:16:35,454- LoginToPage: User successfully logged in and Sales homepage is displayed
30/Jan/2022 18:16:38,922- CreateNewContact: New Contact is opened
30/Jan/2022 18:16:51,934- CreateNewContact: Contact "Mr. Filip Jakovlevski" was created.
30/Jan/2022 18:20:34,830- LoginToPage: User successfully logged in and Sales homepage is displayed
30/Jan/2022 18:20:37,714- CreateNewContact: New Contact is opened
30/Jan/2022 18:20:50,908- CreateNewContact: Contact "Mr. Filip Jakovlevski" was created.
30/Jan/2022 18:20:55,020- MarketingQualifiedAndNewProductInterest: Edit Filip Jakovlevski is opened
30/Jan/2022 18:38:20,800- LoginToPage: User successfully logged in and Sales homepage is displayed
30/Jan/2022 18:38:23,921- CreateNewContact: New Contact is opened
30/Jan/2022 18:38:36,779- CreateNewContact: Contact "Mr. Filip Jakovlevski" was created.
30/Jan/2022 18:38:40,807- MarketingQualifiedAndNewProductInterest: Edit Filip Jakovlevski popup is opened
30/Jan/2022 18:38:43,659- MarketingQualifiedAndNewProductInterest: After changing Contact Lifecycle Status to Marketing Qualified
30/Jan/2022 18:38:43,732- MarketingQualifiedAndNewProductInterest: [[ChromeDriver: chrome on WINDOWS (a16a7e3b39e565f02d3d25dbd1cfbc86)] -> xpath: /html/body/div[4]/div[1]/section/div[1]/div[2]/div[2]/div[1]/div/div/div/div[2]/div/one-record-home-flexipage2/forcegenerated-adg-rollup_component___force-generated__flexipage_-record-page___-c-p-a_-lead-remediation-project-contacts___-contact___-v-i-e-w/forcegenerated-flexipage_cpa_leadremediationprojectcontacts_contact__view_js/record_flexipage-record-page-decorator/div[1]/records-record-layout-event-broker/slot/slot/flexipage-record-home-template-desktop2/div/div[2]/div[2]/slot/flexipage-component2[3]/slot/flexipage-tabset2/div/lightning-tabset/div/slot/slot/flexipage-tab2[1]/slot/flexipage-component2/slot/flexipage-aura-wrapper/div/div/div[2]/div[1]/div[4]/div/div/div/ul/li/div/div/div[2]/div[2]/div[1]/div[1]/div/div[2]/div/div[1]/a] task is created with [[ChromeDriver: chrome on WINDOWS (a16a7e3b39e565f02d3d25dbd1cfbc86)] -> xpath: /html/body/div[4]/div[1]/section/div[1]/div[2]/div[2]/div[1]/div/div/div/div[2]/div/one-record-home-flexipage2/forcegenerated-adg-rollup_component___force-generated__flexipage_-record-page___-c-p-a_-lead-remediation-project-contacts___-contact___-v-i-e-w/forcegenerated-flexipage_cpa_leadremediationprojectcontacts_contact__view_js/record_flexipage-record-page-decorator/div[1]/records-record-layout-event-broker/slot/slot/flexipage-record-home-template-desktop2/div/div[2]/div[2]/slot/flexipage-component2[3]/slot/flexipage-tabset2/div/lightning-tabset/div/slot/slot/flexipage-tab2[1]/slot/flexipage-component2/slot/flexipage-aura-wrapper/div/div/div[2]/div[1]/div[4]/div/div/div/ul/li/div/div/div[2]/div[2]/div[1]/div[2]/div/div[1]] time
30/Jan/2022 18:41:00,996- LoginToPage: User successfully logged in and Sales homepage is displayed
30/Jan/2022 18:41:04,029- CreateNewContact: New Contact is opened
30/Jan/2022 18:41:17,006- CreateNewContact: Contact "Mr. Filip Jakovlevski" was created.
30/Jan/2022 18:41:21,040- MarketingQualifiedAndNewProductInterest: Edit Filip Jakovlevski popup is opened
30/Jan/2022 18:41:23,987- MarketingQualifiedAndNewProductInterest: After changing Contact Lifecycle Status to Marketing Qualified
30/Jan/2022 18:41:24,110- MarketingQualifiedAndNewProductInterest: Marketing Qualified Contact task is created with Tomorrow time
30/Jan/2022 19:16:25,329- LoginToPage: User successfully logged in and Sales homepage is displayed
30/Jan/2022 19:16:29,105- CreateNewContact: New Contact is opened
30/Jan/2022 19:16:41,620- CreateNewContact: Contact "Mr. Filip Jakovlevski" was created.
30/Jan/2022 19:16:45,573- MarketingQualifiedAndNewProductInterest: Edit Filip Jakovlevski popup is opened
30/Jan/2022 19:16:48,526- MarketingQualifiedAndNewProductInterest: After changing Contact Lifecycle Status to Marketing Qualified
30/Jan/2022 19:16:48,596- MarketingQualifiedAndNewProductInterest: Marketing Qualified Contact task is created with Tomorrow time
30/Jan/2022 19:16:49,360- MarketingQualifiedAndNewProductInterest: Edit Filip Jakovlevski popup is opened
30/Jan/2022 19:17:01,693- MarketingQualifiedAndNewProductInterest: After changing Contact Lifecycle Status to Marketing Qualified
30/Jan/2022 19:18:16,451- LoginToPage: User successfully logged in and Sales homepage is displayed
30/Jan/2022 19:19:02,632- LoginToPage: User successfully logged in and Sales homepage is displayed
30/Jan/2022 19:19:05,656- CreateNewContact: New Contact is opened
30/Jan/2022 19:19:18,796- CreateNewContact: Contact "Mr. Filip Jakovlevski" was created.
30/Jan/2022 19:19:23,431- MarketingQualifiedAndNewProductInterest: Edit Filip Jakovlevski popup is opened
30/Jan/2022 19:19:26,225- MarketingQualifiedAndNewProductInterest: After changing Contact Lifecycle Status to Marketing Qualified
30/Jan/2022 19:19:26,297- MarketingQualifiedAndNewProductInterest: Marketing Qualified Contact task is created with Tomorrow time
30/Jan/2022 19:19:27,028- MarketingQualifiedAndNewProductInterest: Edit Filip Jakovlevski popup is opened
30/Jan/2022 19:19:39,405- MarketingQualifiedAndNewProductInterest: After changing Contact Lifecycle Status to Marketing Qualified
30/Jan/2022 19:20:39,006- LoginToPage: User successfully logged in and Sales homepage is displayed
30/Jan/2022 19:20:42,185- CreateNewContact: New Contact is opened
30/Jan/2022 19:20:55,133- CreateNewContact: Contact "Mr. Filip Jakovlevski" was created.
30/Jan/2022 19:20:59,195- MarketingQualifiedAndNewProductInterest: Edit Filip Jakovlevski popup is opened
30/Jan/2022 19:21:02,059- MarketingQualifiedAndNewProductInterest: After changing Contact Lifecycle Status to Marketing Qualified
30/Jan/2022 19:21:02,129- MarketingQualifiedAndNewProductInterest: Marketing Qualified Contact task is created with Tomorrow time
30/Jan/2022 19:21:05,974- MarketingQualifiedAndNewProductInterest: Edit Filip Jakovlevski popup is opened
30/Jan/2022 19:21:18,373- MarketingQualifiedAndNewProductInterest: After changing Contact Lifecycle Status to Marketing Qualified
30/Jan/2022 19:26:51,499- LoginToPage: User successfully logged in and Sales homepage is displayed
30/Jan/2022 19:26:54,499- CreateNewContact: New Contact is opened
30/Jan/2022 19:27:07,820- CreateNewContact: Contact "Mr. Filip Jakovlevski" was created.
30/Jan/2022 19:27:11,831- MarketingQualifiedAndNewProductInterest: Edit Filip Jakovlevski popup is opened
30/Jan/2022 19:27:14,700- MarketingQualifiedAndNewProductInterest: After changing Contact Lifecycle Status to Marketing Qualified
30/Jan/2022 19:27:14,790- MarketingQualifiedAndNewProductInterest: Marketing Qualified Contact task is created with Tomorrow time
30/Jan/2022 19:27:21,646- MarketingQualifiedAndNewProductInterest: Edit Filip Jakovlevski popup is opened
30/Jan/2022 19:27:34,029- MarketingQualifiedAndNewProductInterest: After changing Contact Lifecycle Status to Marketing Qualified
30/Jan/2022 19:42:31,097- LoginToPage: User successfully logged in and Sales homepage is displayed
30/Jan/2022 19:42:36,200- CreateNewContact: New Contact is opened
30/Jan/2022 19:42:49,225- CreateNewContact: Contact "Mr. Filip Jakovlevski" was created.
30/Jan/2022 19:42:53,242- MarketingQualifiedAndNewProductInterest: Edit Filip Jakovlevski popup is opened
30/Jan/2022 19:42:56,105- MarketingQualifiedAndNewProductInterest: After changing Contact Lifecycle Status to Marketing Qualified
30/Jan/2022 19:42:56,193- MarketingQualifiedAndNewProductInterest: Marketing Qualified Contact task is created with Tomorrow time
30/Jan/2022 19:43:02,975- MarketingQualifiedAndNewProductInterest: Edit Filip Jakovlevski popup is opened
30/Jan/2022 19:43:06,945- MarketingQualifiedAndNewProductInterest: After changing Contact Lifecycle Status to Marketing Qualified
30/Jan/2022 20:14:35,781- LoginToPage: User successfully logged in and Sales homepage is displayed
30/Jan/2022 20:14:39,073- CreateNewContact: New Contact is opened
30/Jan/2022 20:14:52,489- CreateNewContact: Contact "Mr. Filip Jakovlevski" was created.
30/Jan/2022 20:14:56,581- MarketingQualifiedAndNewProductInterest: Edit Filip Jakovlevski popup is opened
30/Jan/2022 20:14:59,460- MarketingQualifiedAndNewProductInterest: After changing Contact Lifecycle Status to Marketing Qualified
30/Jan/2022 20:14:59,546- MarketingQualifiedAndNewProductInterest: Marketing Qualified Contact task is created with Tomorrow time
30/Jan/2022 20:15:06,335- MarketingQualifiedAndNewProductInterest: Edit Filip Jakovlevski popup is opened
30/Jan/2022 20:15:10,278- MarketingQualifiedAndNewProductInterest: After changing Last Product Interest to Forecast
30/Jan/2022 20:15:10,369- MarketingQualifiedAndNewProductInterest: Contact's Product Interest has Changed task is created with Tomorrow time
30/Jan/2022 23:07:18,469- LoginToPage: User successfully logged in and Sales homepage is displayed
30/Jan/2022 23:07:21,533- CreateNewContact: New Contact is opened
30/Jan/2022 23:07:34,588- CreateNewContact: Contact "Mr. Filip Jakovlevski" was created.
30/Jan/2022 23:07:38,614- DoNotSyncToMarketo: Edit Filip Jakovlevski popup is opened
30/Jan/2022 23:16:14,254- LoginToPage: User successfully logged in and Sales homepage is displayed
30/Jan/2022 23:16:17,728- CreateNewContact: New Contact is opened
30/Jan/2022 23:16:30,902- CreateNewContact: Contact "Mr. Filip Jakovlevski" was created.
30/Jan/2022 23:16:34,887- DoNotSyncToMarketo: Edit Filip Jakovlevski popup is opened
30/Jan/2022 23:16:37,158- DoNotSyncToMarketo: Legitimate Duplicate checkbox is set as true
30/Jan/2022 23:24:52,006- LoginToPage: User successfully logged in and Sales homepage is displayed
30/Jan/2022 23:24:55,327- CreateNewContact: New Contact is opened
30/Jan/2022 23:25:10,296- CreateNewContact: Contact "Mr. Filip Jakovlevski" was created.
30/Jan/2022 23:25:14,422- DoNotSyncToMarketo: Edit Filip Jakovlevski popup is opened
30/Jan/2022 23:25:16,818- DoNotSyncToMarketo: Legitimate Duplicate checkbox is set as true
30/Jan/2022 23:31:34,705- LoginToPage: User successfully logged in and Sales homepage is displayed
30/Jan/2022 23:31:38,341- CreateNewContact: New Contact is opened
30/Jan/2022 23:31:51,831- CreateNewContact: Contact "Mr. Filip Jakovlevski" was created.
30/Jan/2022 23:31:55,935- DoNotSyncToMarketo: Edit Filip Jakovlevski popup is opened
30/Jan/2022 23:31:58,273- DoNotSyncToMarketo: Legitimate Duplicate checkbox is set as true
30/Jan/2022 23:33:29,326- LoginToPage: User successfully logged in and Sales homepage is displayed
30/Jan/2022 23:33:34,479- CreateNewContact: New Contact is opened
30/Jan/2022 23:33:47,534- CreateNewContact: Contact "Mr. Filip Jakovlevski" was created.
30/Jan/2022 23:33:51,563- DoNotSyncToMarketo: Edit Filip Jakovlevski popup is opened
30/Jan/2022 23:33:53,892- DoNotSyncToMarketo: Legitimate Duplicate checkbox is set as true
30/Jan/2022 23:38:06,535- LoginToPage: User successfully logged in and Sales homepage is displayed
30/Jan/2022 23:38:09,663- CreateNewContact: New Contact is opened
30/Jan/2022 23:38:22,971- CreateNewContact: Contact "Mr. Filip Jakovlevski" was created.
30/Jan/2022 23:38:27,069- DoNotSyncToMarketo: Edit Filip Jakovlevski popup is opened
30/Jan/2022 23:38:29,423- DoNotSyncToMarketo: Legitimate Duplicate checkbox is set as true
30/Jan/2022 23:49:27,483- LoginToPage: User successfully logged in and Sales homepage is displayed
30/Jan/2022 23:49:30,813- CreateNewContact: New Contact is opened
30/Jan/2022 23:49:43,701- CreateNewContact: Contact "Mr. Filip Jakovlevski" was created.
30/Jan/2022 23:49:47,681- DoNotSyncToMarketo: Edit Filip Jakovlevski popup is opened
30/Jan/2022 23:49:50,027- DoNotSyncToMarketo: Legitimate Duplicate checkbox is set as true
30/Jan/2022 23:51:57,665- LoginToPage: User successfully logged in and Sales homepage is displayed
30/Jan/2022 23:52:35,317- LoginToPage: User successfully logged in and Sales homepage is displayed
30/Jan/2022 23:52:38,506- CreateNewContact: New Contact is opened
30/Jan/2022 23:52:51,626- CreateNewContact: Contact "Mr. Filip Jakovlevski" was created.
30/Jan/2022 23:52:55,651- DoNotSyncToMarketo: Edit Filip Jakovlevski popup is opened
30/Jan/2022 23:52:58,050- DoNotSyncToMarketo: Legitimate Duplicate checkbox is set as true
30/Jan/2022 23:54:05,048- LoginToPage: User successfully logged in and Sales homepage is displayed
30/Jan/2022 23:54:08,491- CreateNewContact: New Contact is opened
30/Jan/2022 23:55:03,191- LoginToPage: User successfully logged in and Sales homepage is displayed
30/Jan/2022 23:56:04,093- LoginToPage: User successfully logged in and Sales homepage is displayed
30/Jan/2022 23:56:08,474- CreateNewContact: New Contact is opened
30/Jan/2022 23:56:21,775- CreateNewContact: Contact "Mr. Filip Jakovlevski" was created.
30/Jan/2022 23:56:25,856- DoNotSyncToMarketo: Edit Filip Jakovlevski popup is opened
30/Jan/2022 23:56:28,272- DoNotSyncToMarketo: Legitimate Duplicate checkbox is set as true
30/Jan/2022 23:59:02,544- LoginToPage: User successfully logged in and Sales homepage is displayed
30/Jan/2022 23:59:06,527- CreateNewContact: New Contact is opened
30/Jan/2022 23:59:20,335- CreateNewContact: Contact "Mr. Filip Jakovlevski" was created.
30/Jan/2022 23:59:24,376- DoNotSyncToMarketo: Edit Filip Jakovlevski popup is opened
30/Jan/2022 23:59:26,730- DoNotSyncToMarketo: Legitimate Duplicate checkbox is set as true
31/Jan/2022 11:53:30,750- LoginToPage: User successfully logged in and Sales homepage is displayed
31/Jan/2022 11:53:34,450- CreateNewContact: New Contact is opened
31/Jan/2022 11:53:47,216- CreateNewContact: Contact "Mr. Filip Jakovlevski" was created.
31/Jan/2022 11:53:51,282- DoNotSyncToMarketo: Edit Filip Jakovlevski popup is opened
31/Jan/2022 11:53:53,616- DoNotSyncToMarketo: Legitimate Duplicate checkbox is set as true
31/Jan/2022 11:53:55,195- DoNotSyncToMarketo: Verify screenshot to see if Do not Sync To Marketo checkbox is set to TRUE!
31/Jan/2022 11:55:15,937- LoginToPage: User successfully logged in and Sales homepage is displayed
31/Jan/2022 11:55:19,198- CreateNewContact: New Contact is opened
31/Jan/2022 11:55:32,214- CreateNewContact: Contact "Mr. Filip Jakovlevski" was created.
31/Jan/2022 11:55:36,228- DoNotSyncToMarketo: Edit Filip Jakovlevski popup is opened
31/Jan/2022 11:55:38,552- DoNotSyncToMarketo: Legitimate Duplicate checkbox is set as true
31/Jan/2022 11:55:40,126- DoNotSyncToMarketo: Verify screenshot to see if Do not Sync To Marketo checkbox is set to TRUE!
31/Jan/2022 11:55:41,904- DoNotSyncToMarketo: Edit Filip Jakovlevski popup is opened
31/Jan/2022 11:55:44,689- DoNotSyncToMarketo: After setting Marketing Consent Type to Direct Consent Marketing Consent Date stamp is changed to 
31/Jan/2022 11:56:58,668- LoginToPage: User successfully logged in and Sales homepage is displayed
31/Jan/2022 11:57:02,952- CreateNewContact: New Contact is opened
31/Jan/2022 11:57:15,976- CreateNewContact: Contact "Mr. Filip Jakovlevski" was created.
31/Jan/2022 11:57:19,970- DoNotSyncToMarketo: Edit Filip Jakovlevski popup is opened
31/Jan/2022 11:57:22,302- DoNotSyncToMarketo: Legitimate Duplicate checkbox is set as true
31/Jan/2022 11:57:23,884- DoNotSyncToMarketo: Verify screenshot to see if Do not Sync To Marketo checkbox is set to TRUE!
31/Jan/2022 11:57:25,691- DoNotSyncToMarketo: Edit Filip Jakovlevski popup is opened
31/Jan/2022 11:57:30,700- DoNotSyncToMarketo: After setting Marketing Consent Type to Direct Consent Marketing Consent Date stamp is changed to 31/01/2022 10:57
31/Jan/2022 12:43:30,189- LoginToPage: User successfully logged in and Sales homepage is displayed
31/Jan/2022 12:43:33,684- CreateNewContact: New Contact is opened
31/Jan/2022 12:43:47,347- CreateNewContact: Contact "Mr. Filip Jakovlevski" was created.
31/Jan/2022 12:43:48,455- SalutationGenderField: After creating new contact with salutation MR. gender is set to Male
01/Feb/2022 18:35:01,213- LoginToPage: User successfully logged in and Sales homepage is displayed
01/Feb/2022 18:53:52,701- LoginToPage: User successfully logged in and Sales homepage is displayed
01/Feb/2022 18:56:52,376- LoginToPage: User successfully logged in and Sales homepage is displayed
01/Feb/2022 18:56:53,992- CreateNewContract: Details is opened
01/Feb/2022 18:58:53,628- LoginToPage: User successfully logged in and Sales homepage is displayed
01/Feb/2022 18:58:58,196- CreateNewContract: New CPA Contract is opened
01/Feb/2022 18:59:40,830- LoginToPage: User successfully logged in and Sales homepage is displayed
01/Feb/2022 18:59:44,819- CreateNewContract: New CPA Contract is opened
01/Feb/2022 19:33:33,224- LoginToPage: User successfully logged in and Sales homepage is displayed
01/Feb/2022 19:34:23,319- LoginToPage: User successfully logged in and Sales homepage is displayed
01/Feb/2022 19:34:27,256- CreateNewContract: New CPA Contract is opened
01/Feb/2022 19:38:58,030- LoginToPage: User successfully logged in and Sales homepage is displayed
01/Feb/2022 19:39:01,784- CreateNewContract: New CPA Contract is opened
01/Feb/2022 20:26:40,642- LoginToPage: User successfully logged in and Sales homepage is displayed
01/Feb/2022 20:26:44,321- CreateNewContract: New CPA Contract is opened
01/Feb/2022 20:31:30,317- LoginToPage: User successfully logged in and Sales homepage is displayed
01/Feb/2022 20:31:34,237- CreateNewContract: New CPA Contract is opened
01/Feb/2022 20:32:23,234- LoginToPage: User successfully logged in and Sales homepage is displayed
01/Feb/2022 20:32:27,506- CreateNewContract: New CPA Contract is opened
01/Feb/2022 20:33:59,309- LoginToPage: User successfully logged in and Sales homepage is displayed
01/Feb/2022 20:34:03,044- CreateNewContract: New CPA Contract is opened
01/Feb/2022 20:37:00,170- LoginToPage: User successfully logged in and Sales homepage is displayed
01/Feb/2022 20:37:03,722- CreateNewContract: New CPA Contract is opened
01/Feb/2022 20:38:30,489- LoginToPage: User successfully logged in and Sales homepage is displayed
01/Feb/2022 20:38:34,105- CreateNewContract: New CPA Contract is opened
01/Feb/2022 20:41:49,355- LoginToPage: User successfully logged in and Sales homepage is displayed
01/Feb/2022 20:41:52,983- CreateNewContract: New CPA Contract is opened
01/Feb/2022 20:45:26,344- LoginToPage: User successfully logged in and Sales homepage is displayed
01/Feb/2022 20:45:30,113- CreateNewContract: New CPA Contract is opened
01/Feb/2022 20:46:23,535- LoginToPage: User successfully logged in and Sales homepage is displayed
01/Feb/2022 20:46:27,345- CreateNewContract: New CPA Contract is opened
01/Feb/2022 20:47:49,811- LoginToPage: User successfully logged in and Sales homepage is displayed
01/Feb/2022 20:47:53,443- CreateNewContract: New CPA Contract is opened
01/Feb/2022 20:48:43,185- LoginToPage: User successfully logged in and Sales homepage is displayed
01/Feb/2022 20:48:47,451- CreateNewContract: New CPA Contract is opened
01/Feb/2022 20:48:57,055- CreateNewContract: CPA Contract "Filip" was created.
01/Feb/2022 23:21:35,598- LoginToPage: User successfully logged in and Sales homepage is displayed
01/Feb/2022 23:21:40,145- CreateNewContract: New CPA Contract is opened
01/Feb/2022 23:21:47,644- CreateNewContract: CPA Contract "Filip" was created.
01/Feb/2022 23:33:11,746- LoginToPage: User successfully logged in and Sales homepage is displayed
01/Feb/2022 23:33:15,417- CreateNewContract: New CPA Contract is opened
01/Feb/2022 23:33:24,012- CreateNewContract: CPA Contract "Filip" was created.
01/Feb/2022 23:36:23,127- LoginToPage: User successfully logged in and Sales homepage is displayed
01/Feb/2022 23:36:26,565- CreateNewContract: New CPA Contract is opened
01/Feb/2022 23:36:35,344- CreateNewContract: CPA Contract "Filip" was created.
01/Feb/2022 23:36:39,432- ContractItemAutomation: New Contract Line Items is opened
02/Feb/2022 23:18:16,910- LoginToPage: User successfully logged in and Sales homepage is displayed
02/Feb/2022 23:18:20,826- CreateNewContract: New CPA Contract is opened
02/Feb/2022 23:18:36,038- CreateNewContract: CPA Contract "Filip" was created.
02/Feb/2022 23:18:40,137- ContractItemAutomation: New Contract Line Items is opened
02/Feb/2022 23:32:51,287- LoginToPage: User successfully logged in and Sales homepage is displayed
02/Feb/2022 23:32:55,094- CreateNewContract: New CPA Contract is opened
02/Feb/2022 23:33:04,128- CreateNewContract: CPA Contract "Filip" was created.
02/Feb/2022 23:33:07,171- ContractItemAutomation: New Contract Line Items is opened
02/Feb/2022 23:38:22,419- LoginToPage: User successfully logged in and Sales homepage is displayed
02/Feb/2022 23:38:26,062- CreateNewContract: New CPA Contract is opened
02/Feb/2022 23:38:34,517- CreateNewContract: CPA Contract "Filip" was created.
02/Feb/2022 23:38:38,251- ContractItemAutomation: New Contract Line Items is opened
02/Feb/2022 23:39:20,696- LoginToPage: User successfully logged in and Sales homepage is displayed
02/Feb/2022 23:39:25,500- CreateNewContract: New CPA Contract is opened
02/Feb/2022 23:39:34,729- CreateNewContract: CPA Contract "Filip" was created.
02/Feb/2022 23:39:38,493- ContractItemAutomation: New Contract Line Items is opened
02/Feb/2022 23:42:02,235- LoginToPage: User successfully logged in and Sales homepage is displayed
02/Feb/2022 23:42:05,994- CreateNewContract: New CPA Contract is opened
02/Feb/2022 23:42:14,536- CreateNewContract: CPA Contract "Filip" was created.
02/Feb/2022 23:42:17,522- ContractItemAutomation: New Contract Line Items is opened
02/Feb/2022 23:44:09,414- LoginToPage: User successfully logged in and Sales homepage is displayed
02/Feb/2022 23:44:13,120- CreateNewContract: New CPA Contract is opened
02/Feb/2022 23:44:20,623- CreateNewContract: CPA Contract "Filip" was created.
02/Feb/2022 23:44:24,233- ContractItemAutomation: New Contract Line Items is opened
02/Feb/2022 23:46:15,493- LoginToPage: User successfully logged in and Sales homepage is displayed
02/Feb/2022 23:46:19,123- CreateNewContract: New CPA Contract is opened
02/Feb/2022 23:46:27,591- CreateNewContract: CPA Contract "Filip" was created.
02/Feb/2022 23:46:31,219- ContractItemAutomation: New Contract Line Items is opened
02/Feb/2022 23:49:40,650- LoginToPage: User successfully logged in and Sales homepage is displayed
02/Feb/2022 23:49:46,055- CreateNewContract: New CPA Contract is opened
02/Feb/2022 23:49:54,230- CreateNewContract: CPA Contract "Filip" was created.
02/Feb/2022 23:49:57,586- ContractItemAutomation: New Contract Line Items is opened
02/Feb/2022 23:52:00,597- LoginToPage: User successfully logged in and Sales homepage is displayed
02/Feb/2022 23:52:04,218- CreateNewContract: New CPA Contract is opened
02/Feb/2022 23:52:11,517- CreateNewContract: CPA Contract "Filip" was created.
02/Feb/2022 23:52:15,654- ContractItemAutomation: New Contract Line Items is opened
02/Feb/2022 23:54:53,788- LoginToPage: User successfully logged in and Sales homepage is displayed
02/Feb/2022 23:54:57,788- CreateNewContract: New CPA Contract is opened
02/Feb/2022 23:55:05,378- CreateNewContract: CPA Contract "Filip" was created.
02/Feb/2022 23:55:09,016- ContractItemAutomation: New Contract Line Items is opened
02/Feb/2022 23:57:07,804- LoginToPage: User successfully logged in and Sales homepage is displayed
02/Feb/2022 23:57:11,747- CreateNewContract: New CPA Contract is opened
02/Feb/2022 23:57:19,367- CreateNewContract: CPA Contract "Filip" was created.
02/Feb/2022 23:57:22,698- ContractItemAutomation: New Contract Line Items is opened
02/Feb/2022 23:57:28,260- ContractItemAutomation: 1 record was updated.
04/Feb/2022 16:10:38,941- LoginToPage: User successfully logged in and Sales homepage is displayed
04/Feb/2022 16:10:42,975- CreateNewContract: New CPA Contract is opened
04/Feb/2022 16:10:58,725- CreateNewContract: CPA Contract "Filip" was created.
04/Feb/2022 16:11:02,943- ContractItemAutomation: New Contract Line Items is opened
04/Feb/2022 16:11:11,248- ContractItemAutomation: 1 record was updated.
04/Feb/2022 16:13:44,635- LoginToPage: User successfully logged in and Sales homepage is displayed
04/Feb/2022 16:13:48,614- CreateNewContract: New CPA Contract is opened
04/Feb/2022 16:13:57,024- CreateNewContract: CPA Contract "Filip" was created.
04/Feb/2022 16:14:09,332- ContractItemAutomation: New Contract Line Items is opened
04/Feb/2022 16:14:15,254- ContractItemAutomation: 1 record was updated.
04/Feb/2022 16:18:10,883- LoginToPage: User successfully logged in and Sales homepage is displayed
04/Feb/2022 16:18:14,510- CreateNewContract: New CPA Contract is opened
04/Feb/2022 16:18:22,163- CreateNewContract: CPA Contract "Filip" was created.
04/Feb/2022 16:18:25,903- ContractItemAutomation: New Contract Line Items is opened
04/Feb/2022 16:18:31,099- ContractItemAutomation: 1 record was updated.
04/Feb/2022 16:18:34,363- ContractItemAutomation: Type of Start Pay Date is No SPD Required
04/Feb/2022 16:35:43,191- LoginToPage: User successfully logged in and Sales homepage is displayed
04/Feb/2022 16:35:46,959- CreateNewContract: New CPA Contract is opened
04/Feb/2022 16:35:56,240- CreateNewContract: CPA Contract "Filip" was created.
04/Feb/2022 16:35:59,517- ContractItemAutomation: New Contract Line Items is opened
04/Feb/2022 16:36:05,402- ContractItemAutomation: 1 record was updated.
04/Feb/2022 16:36:14,971- ContractItemAutomation: Type of Start Pay Date is No SPD Required
04/Feb/2022 16:37:29,506- LoginToPage: User successfully logged in and Sales homepage is displayed
04/Feb/2022 16:37:33,701- CreateNewContract: New CPA Contract is opened
04/Feb/2022 16:37:41,364- CreateNewContract: CPA Contract "Filip" was created.
04/Feb/2022 16:37:45,298- ContractItemAutomation: New Contract Line Items is opened
04/Feb/2022 16:37:50,625- ContractItemAutomation: 1 record was updated.
04/Feb/2022 16:37:53,830- ContractItemAutomation: Type of Start Pay Date is No SPD Required
04/Feb/2022 16:37:56,774- ContractItemAutomation: Edit Idea Portala is opened
04/Feb/2022 16:39:32,557- LoginToPage: User successfully logged in and Sales homepage is displayed
04/Feb/2022 16:39:36,563- CreateNewContract: New CPA Contract is opened
04/Feb/2022 16:39:45,960- CreateNewContract: CPA Contract "Filip" was created.
04/Feb/2022 16:39:49,076- ContractItemAutomation: New Contract Line Items is opened
04/Feb/2022 16:39:54,542- ContractItemAutomation: 1 record was updated.
04/Feb/2022 16:39:57,438- ContractItemAutomation: Type of Start Pay Date is No SPD Required
04/Feb/2022 16:40:00,565- ContractItemAutomation: Edit Idea Portala is opened
04/Feb/2022 16:41:56,479- LoginToPage: User successfully logged in and Sales homepage is displayed
04/Feb/2022 16:42:01,405- CreateNewContract: New CPA Contract is opened
04/Feb/2022 16:42:10,479- CreateNewContract: CPA Contract "Filip" was created.
04/Feb/2022 16:42:14,205- ContractItemAutomation: New Contract Line Items is opened
04/Feb/2022 16:42:19,511- ContractItemAutomation: 1 record was updated.
04/Feb/2022 16:42:22,322- ContractItemAutomation: Type of Start Pay Date is No SPD Required
04/Feb/2022 16:42:25,322- ContractItemAutomation: Edit Idea Portala is opened
04/Feb/2022 16:52:55,362- LoginToPage: User successfully logged in and Sales homepage is displayed
04/Feb/2022 16:52:59,084- CreateNewContract: New CPA Contract is opened
04/Feb/2022 16:53:07,318- CreateNewContract: CPA Contract "Filip" was created.
04/Feb/2022 16:53:10,905- ContractItemAutomation: New Contract Line Items is opened
04/Feb/2022 16:53:16,353- ContractItemAutomation: 1 record was updated.
04/Feb/2022 16:53:19,215- ContractItemAutomation: Type of Start Pay Date is No SPD Required
04/Feb/2022 16:53:22,174- ContractItemAutomation: Edit IdeaPortala is opened
04/Feb/2022 16:55:19,672- LoginToPage: User successfully logged in and Sales homepage is displayed
04/Feb/2022 16:55:24,200- CreateNewContract: New CPA Contract is opened
04/Feb/2022 16:55:32,892- CreateNewContract: CPA Contract "Filip" was created.
04/Feb/2022 16:55:36,531- ContractItemAutomation: New Contract Line Items is opened
04/Feb/2022 16:55:41,770- ContractItemAutomation: 1 record was updated.
04/Feb/2022 16:55:44,659- ContractItemAutomation: Type of Start Pay Date is No SPD Required
04/Feb/2022 16:55:47,718- ContractItemAutomation: Edit Idea Portal is opened
04/Feb/2022 16:58:38,564- LoginToPage: User successfully logged in and Sales homepage is displayed
04/Feb/2022 16:58:42,436- CreateNewContract: New CPA Contract is opened
04/Feb/2022 16:58:50,615- CreateNewContract: CPA Contract "Filip" was created.
04/Feb/2022 16:58:54,608- ContractItemAutomation: New Contract Line Items is opened
04/Feb/2022 16:58:59,835- ContractItemAutomation: 1 record was updated.
04/Feb/2022 16:59:02,702- ContractItemAutomation: Type of Start Pay Date is No SPD Required
04/Feb/2022 16:59:05,704- ContractItemAutomation: Edit Idea Portal is opened
04/Feb/2022 16:59:11,993- ContractItemAutomation: After editing product name to Idea Portal on Contract line product name is Idea Portal
06/Feb/2022 17:15:23,935- LoginToPage: User successfully logged in and Sales homepage is displayed
06/Feb/2022 17:15:27,658- CreateNewContact: New Contact is opened
06/Feb/2022 17:15:46,726- CreateNewContact: Contact "Mr. Filip Jakovlevski" was created.
06/Feb/2022 17:22:20,947- LoginToPage: User successfully logged in and Sales homepage is displayed
06/Feb/2022 17:22:45,261- LoginToPage: User successfully logged in and Sales homepage is displayed
06/Feb/2022 17:22:49,191- CreateNewContract: New CPA Contract is opened
06/Feb/2022 17:22:57,006- CreateNewContract: CPA Contract "Filip" was created.
06/Feb/2022 17:56:30,416- LoginToPage: User successfully logged in and Sales homepage is displayed
06/Feb/2022 17:56:34,285- CreateNewContract: New CPA Contract is opened
06/Feb/2022 17:56:42,301- CreateNewContract: CPA Contract "Filip" was created.
06/Feb/2022 17:58:01,122- LoginToPage: User successfully logged in and Sales homepage is displayed
06/Feb/2022 17:58:06,291- CreateNewContract: New CPA Contract is opened
06/Feb/2022 17:58:17,423- CreateNewContract: CPA Contract "Filip" was created.
06/Feb/2022 18:02:39,483- LoginToPage: User successfully logged in and Sales homepage is displayed
06/Feb/2022 18:02:44,821- CreateNewContract: New CPA Contract is opened
06/Feb/2022 18:02:54,497- CreateNewContract: CPA Contract "Filip" was created.
06/Feb/2022 18:04:39,001- LoginToPage: User successfully logged in and Sales homepage is displayed
06/Feb/2022 18:05:19,864- LoginToPage: User successfully logged in and Sales homepage is displayed
06/Feb/2022 18:05:26,524- CreateNewContract: New CPA Contract is opened
06/Feb/2022 18:05:35,525- CreateNewContract: CPA Contract "Filip" was created.
06/Feb/2022 18:09:07,819- LoginToPage: User successfully logged in and Sales homepage is displayed
06/Feb/2022 18:10:16,862- LoginToPage: User successfully logged in and Sales homepage is displayed
06/Feb/2022 18:10:22,780- CreateNewContract: New CPA Contract is opened
06/Feb/2022 18:10:34,037- CreateNewContract: CPA Contract "Filip" was created.
06/Feb/2022 18:16:13,259- LoginToPage: User successfully logged in and Sales homepage is displayed
06/Feb/2022 18:16:17,290- CreateNewContract: New CPA Contract is opened
06/Feb/2022 18:16:27,025- CreateNewContract: CPA Contract "Filip" was created.
06/Feb/2022 18:30:44,319- LoginToPage: User successfully logged in and Sales homepage is displayed
06/Feb/2022 18:30:49,077- CreateNewContract: New CPA Contract is opened
06/Feb/2022 18:30:58,160- CreateNewContract: CPA Contract "Filip" was created.
06/Feb/2022 18:31:40,493- LoginToPage: User successfully logged in and Sales homepage is displayed
06/Feb/2022 18:32:26,661- LoginToPage: User successfully logged in and Sales homepage is displayed
06/Feb/2022 18:32:31,572- CreateNewContract: New CPA Contract is opened
06/Feb/2022 18:32:40,994- CreateNewContract: CPA Contract "Filip" was created.
06/Feb/2022 19:20:57,811- LoginToPage: User successfully logged in and Sales homepage is displayed
06/Feb/2022 19:21:01,514- CreateNewContract: New CPA Contract is opened
06/Feb/2022 19:21:10,697- CreateNewContract: CPA Contract "Filip" was created.
06/Feb/2022 19:23:11,024- LoginToPage: User successfully logged in and Sales homepage is displayed
06/Feb/2022 19:23:15,166- CreateNewContract: New CPA Contract is opened
06/Feb/2022 19:23:23,088- CreateNewContract: CPA Contract "Filip" was created.
06/Feb/2022 19:23:24,447- ContractAutomations: Before updating Billing contact is  and Billing adress is  and Billing Email is 
06/Feb/2022 19:23:29,843- ContractAutomations: After updating Billing contact is Filip Jakovlevski and Billing adress is street
city
Delhi
44444
India and Billing Email is fjakovlevski@cpaglobal.com
06/Feb/2022 20:24:21,847- LoginToPage: User successfully logged in and Sales homepage is displayed
06/Feb/2022 20:24:25,567- CreateNewAPACContract: New CPA Contract is opened
06/Feb/2022 20:25:29,504- LoginToPage: User successfully logged in and Sales homepage is displayed
06/Feb/2022 20:27:28,508- LoginToPage: User successfully logged in and Sales homepage is displayed
06/Feb/2022 20:27:32,648- CreateNewAPACContract: New CPA Contract is opened
06/Feb/2022 20:28:43,746- LoginToPage: User successfully logged in and Sales homepage is displayed
06/Feb/2022 20:28:47,779- CreateNewAPACContract: New CPA Contract is opened
06/Feb/2022 20:32:21,040- LoginToPage: User successfully logged in and Sales homepage is displayed
06/Feb/2022 20:32:24,706- CreateNewAPACContract: New CPA Contract is opened
06/Feb/2022 20:34:57,771- LoginToPage: User successfully logged in and Sales homepage is displayed
06/Feb/2022 20:35:01,744- CreateNewAPACContract: New CPA Contract is opened
06/Feb/2022 20:35:11,423- CreateNewAPACContract: CPA Contract "Filip" was created.
06/Feb/2022 20:47:36,393- LoginToPage: User successfully logged in and Sales homepage is displayed
06/Feb/2022 20:47:40,310- CreateNewAPACContract: New CPA Contract is opened
06/Feb/2022 20:47:50,229- CreateNewAPACContract: CPA Contract "Filip" was created.
06/Feb/2022 20:48:52,695- LoginToPage: User successfully logged in and Sales homepage is displayed
06/Feb/2022 20:48:56,305- CreateNewAPACContract: New CPA Contract is opened
06/Feb/2022 20:49:07,308- CreateNewAPACContract: EMEA CPA Contract "Filip" was created.
06/Feb/2022 20:49:07,386- CreateNewAPACContract: After creating APAC contract with Generate Contract approval status, contract owner is Filip Jakovlevski and CPA docusign email is contractsrequestapac@cpaglobal.com
29/Mar/2022 12:52:49,944- LoginToPage: User successfully logged in and Sales homepage is displayed
29/Mar/2022 16:03:39,491- LoginToPage: User successfully logged in and Sales homepage is displayed
29/Mar/2022 16:03:40,185- CreateNewAccount: CPA customer is selected
29/Mar/2022 16:10:19,981- LoginToPage: User successfully logged in and Sales homepage is displayed
29/Mar/2022 16:10:57,100- LoginToPage: User successfully logged in and Sales homepage is displayed
29/Mar/2022 16:11:31,139- LoginToPage: User successfully logged in and Sales homepage is displayed
29/Mar/2022 16:14:03,636- LoginToPage: User successfully logged in and Sales homepage is displayed
29/Mar/2022 16:16:11,713- LoginToPage: User successfully logged in and Sales homepage is displayed
29/Mar/2022 16:17:24,545- LoginToPage: User successfully logged in and Sales homepage is displayed
29/Mar/2022 16:17:37,386- CreateNewAssetOnExistingAccount: Asset test was created.
29/Mar/2022 16:58:12,479- LoginToPage: User successfully logged in and Sales homepage is displayed
29/Mar/2022 16:58:28,920- CPAAssetPopulation: For Automation Account ID before change is 153,816
29/Mar/2022 16:58:36,067- CPAAssetPopulation: Asset "test" was saved.
29/Mar/2022 16:58:36,094- CPAAssetPopulation: For Automation Account ID after change is 124,237
29/Mar/2022 16:58:36,129- CPAAssetPopulation: For Automation Account ID changed successfully
30/Mar/2022 17:29:35,958- LoginToPage: User successfully logged in and Sales homepage is displayed
30/Mar/2022 17:29:36,672- CreateNewAccount: CPA customer is selected
30/Mar/2022 17:41:49,875- LoginToPage: User successfully logged in and Sales homepage is displayed
30/Mar/2022 17:41:50,748- CreateNewAccount: CPA customer is selected
30/Mar/2022 17:43:42,664- LoginToPage: User successfully logged in and Sales homepage is displayed
30/Mar/2022 17:43:43,874- CreateNewAccount: CPA customer is selected
30/Mar/2022 17:45:30,447- LoginToPage: User successfully logged in and Sales homepage is displayed
30/Mar/2022 17:45:32,313- CreateNewAccount: CPA customer is selected
30/Mar/2022 17:47:02,499- LoginToPage: User successfully logged in and Sales homepage is displayed
30/Mar/2022 17:47:03,403- CreateNewAccount: CPA customer is selected
30/Mar/2022 17:48:52,344- LoginToPage: User successfully logged in and Sales homepage is displayed
30/Mar/2022 17:48:53,293- CreateNewAccount: CPA customer is selected
30/Mar/2022 17:53:19,543- LoginToPage: User successfully logged in and Sales homepage is displayed
30/Mar/2022 17:53:20,492- CreateNewAccount: CPA customer is selected
30/Mar/2022 18:00:59,892- LoginToPage: User successfully logged in and Sales homepage is displayed
30/Mar/2022 18:01:01,274- CreateNewAccount: CPA customer is selected
30/Mar/2022 18:02:33,590- LoginToPage: User successfully logged in and Sales homepage is displayed
30/Mar/2022 18:02:34,870- CreateNewAccount: CPA customer is selected
30/Mar/2022 18:04:04,207- LoginToPage: User successfully logged in and Sales homepage is displayed
30/Mar/2022 18:04:04,969- CreateNewAccount: CPA customer is selected
30/Mar/2022 18:07:17,048- LoginToPage: User successfully logged in and Sales homepage is displayed
30/Mar/2022 18:07:18,075- CreateNewAccount: CPA customer is selected
30/Mar/2022 18:08:32,647- LoginToPage: User successfully logged in and Sales homepage is displayed
30/Mar/2022 18:08:33,325- CreateNewAccount: CPA customer is selected
30/Mar/2022 18:13:16,500- LoginToPage: User successfully logged in and Sales homepage is displayed
30/Mar/2022 18:13:17,802- CreateNewAccount: CPA customer is selected
30/Mar/2022 18:18:30,385- LoginToPage: User successfully logged in and Sales homepage is displayed
30/Mar/2022 18:18:31,642- CreateNewAccount: CPA customer is selected
30/Mar/2022 18:20:11,937- LoginToPage: User successfully logged in and Sales homepage is displayed
30/Mar/2022 18:20:13,193- CreateNewAccount: CPA customer is selected
30/Mar/2022 18:26:15,928- LoginToPage: User successfully logged in and Sales homepage is displayed
30/Mar/2022 18:26:16,683- CreateNewAccount: CPA customer is selected
30/Mar/2022 18:27:50,213- LoginToPage: User successfully logged in and Sales homepage is displayed
30/Mar/2022 18:27:51,924- CreateNewAccount: CPA customer is selected
30/Mar/2022 18:41:56,155- LoginToPage: User successfully logged in and Sales homepage is displayed
30/Mar/2022 18:41:57,460- CreateNewAccount: CPA customer is selected
30/Mar/2022 18:46:18,260- LoginToPage: User successfully logged in and Sales homepage is displayed
30/Mar/2022 18:46:20,090- CreateNewAccount: CPA customer is selected
30/Mar/2022 18:47:20,709- LoginToPage: User successfully logged in and Sales homepage is displayed
30/Mar/2022 18:47:22,247- CreateNewAccount: CPA customer is selected
30/Mar/2022 18:49:07,241- LoginToPage: User successfully logged in and Sales homepage is displayed
30/Mar/2022 18:49:07,962- CreateNewAccount: CPA customer is selected
30/Mar/2022 18:52:30,968- LoginToPage: User successfully logged in and Sales homepage is displayed
30/Mar/2022 18:52:31,817- CreateNewAccount: CPA customer is selected
30/Mar/2022 18:54:57,066- LoginToPage: User successfully logged in and Sales homepage is displayed
30/Mar/2022 18:54:57,899- CreateNewAccount: CPA customer is selected
30/Mar/2022 19:00:36,677- LoginToPage: User successfully logged in and Sales homepage is displayed
30/Mar/2022 19:00:37,699- CreateNewAccount: CPA customer is selected
30/Mar/2022 19:01:13,579- LoginToPage: User successfully logged in and Sales homepage is displayed
30/Mar/2022 19:01:14,230- CreateNewAccount: CPA customer is selected
30/Mar/2022 19:07:21,135- LoginToPage: User successfully logged in and Sales homepage is displayed
30/Mar/2022 19:07:21,811- CreateNewAccount: CPA customer is selected
30/Mar/2022 19:08:22,170- CreateNewAccount: CPA customer is selected
30/Mar/2022 19:09:04,043- LoginToPage: User successfully logged in and Sales homepage is displayed
30/Mar/2022 19:09:04,785- CreateNewAccount: CPA customer is selected
30/Mar/2022 19:13:10,226- LoginToPage: User successfully logged in and Sales homepage is displayed
30/Mar/2022 19:13:10,957- CreateNewAccount: CPA customer is selected
30/Mar/2022 19:14:51,416- LoginToPage: User successfully logged in and Sales homepage is displayed
30/Mar/2022 19:14:52,565- CreateNewAccount: CPA customer is selected
30/Mar/2022 19:16:16,449- LoginToPage: User successfully logged in and Sales homepage is displayed
30/Mar/2022 19:16:17,695- CreateNewAccount: CPA customer is selected
30/Mar/2022 19:16:54,010- LoginToPage: User successfully logged in and Sales homepage is displayed
30/Mar/2022 19:16:55,228- CreateNewAccount: CPA customer is selected
30/Mar/2022 19:18:41,835- LoginToPage: User successfully logged in and Sales homepage is displayed
30/Mar/2022 19:18:42,539- CreateNewAccount: CPA customer is selected
30/Mar/2022 19:20:04,905- LoginToPage: User successfully logged in and Sales homepage is displayed
30/Mar/2022 19:20:06,095- CreateNewAccount: CPA customer is selected
30/Mar/2022 19:22:37,705- LoginToPage: User successfully logged in and Sales homepage is displayed
30/Mar/2022 19:22:38,984- CreateNewAccount: CPA customer is selected
30/Mar/2022 19:24:46,973- LoginToPage: User successfully logged in and Sales homepage is displayed
30/Mar/2022 19:24:48,454- CreateNewAccount: CPA customer is selected
30/Mar/2022 19:25:56,772- LoginToPage: User successfully logged in and Sales homepage is displayed
30/Mar/2022 19:25:58,099- CreateNewAccount: CPA customer is selected
30/Mar/2022 19:26:43,348- LoginToPage: User successfully logged in and Sales homepage is displayed
30/Mar/2022 19:26:44,381- CreateNewAccount: CPA customer is selected
30/Mar/2022 19:28:14,052- LoginToPage: User successfully logged in and Sales homepage is displayed
30/Mar/2022 19:28:15,371- CreateNewAccount: CPA customer is selected
30/Mar/2022 19:31:21,809- LoginToPage: User successfully logged in and Sales homepage is displayed
30/Mar/2022 19:31:23,116- CreateNewAccount: CPA customer is selected
30/Mar/2022 19:32:31,049- LoginToPage: User successfully logged in and Sales homepage is displayed
30/Mar/2022 19:32:31,802- CreateNewAccount: CPA customer is selected
30/Mar/2022 19:35:11,441- LoginToPage: User successfully logged in and Sales homepage is displayed
30/Mar/2022 19:35:12,165- CreateNewAccount: CPA customer is selected
30/Mar/2022 20:36:48,387- LoginToPage: User successfully logged in and Sales homepage is displayed
30/Mar/2022 20:36:49,604- CreateNewAccount: CPA customer is selected
30/Mar/2022 20:46:07,600- LoginToPage: User successfully logged in and Sales homepage is displayed
30/Mar/2022 20:46:26,183- CreateNewAssetOnExistingAccount: Asset test was created.
31/Mar/2022 16:43:39,323- LoginToPage: User successfully logged in and Sales homepage is displayed
31/Mar/2022 16:44:26,550- LoginToPage: User successfully logged in and Sales homepage is displayed
31/Mar/2022 16:44:44,842- CPAAssetPopulation: For Automation Account ID before change is 161,402
31/Mar/2022 16:44:54,134- CPAAssetPopulation: Asset "test" was saved.
31/Mar/2022 16:44:54,162- CPAAssetPopulation: For Automation Account ID after change is 124,237
31/Mar/2022 16:44:54,191- CPAAssetPopulation: For Automation Account ID changed successfully
31/Mar/2022 16:45:41,543- LoginToPage: User successfully logged in and Sales homepage is displayed
31/Mar/2022 16:47:37,826- LoginToPage: User successfully logged in and Sales homepage is displayed
31/Mar/2022 16:49:24,849- LoginToPage: User successfully logged in and Sales homepage is displayed
31/Mar/2022 16:55:42,792- LoginToPage: User successfully logged in and Sales homepage is displayed
31/Mar/2022 17:03:18,308- LoginToPage: User successfully logged in and Sales homepage is displayed
31/Mar/2022 17:06:15,521- LoginToPage: User successfully logged in and Sales homepage is displayed
31/Mar/2022 17:10:22,486- LoginToPage: User successfully logged in and Sales homepage is displayed
31/Mar/2022 17:17:31,226- LoginToPage: User successfully logged in and Sales homepage is displayed
31/Mar/2022 17:18:28,746- LoginToPage: User successfully logged in and Sales homepage is displayed
31/Mar/2022 17:23:07,372- LoginToPage: User successfully logged in and Sales homepage is displayed
31/Mar/2022 17:24:17,300- LoginToPage: User successfully logged in and Sales homepage is displayed
31/Mar/2022 17:25:53,484- LoginToPage: User successfully logged in and Sales homepage is displayed
31/Mar/2022 17:27:24,784- LoginToPage: User successfully logged in and Sales homepage is displayed
31/Mar/2022 17:28:19,047- LoginToPage: User successfully logged in and Sales homepage is displayed
31/Mar/2022 17:33:21,277- LoginToPage: User successfully logged in and Sales homepage is displayed
31/Mar/2022 17:33:44,444- AutoCalculateSeverityLevel: At Risk Register "test" was created.
31/Mar/2022 17:37:12,846- LoginToPage: User successfully logged in and Sales homepage is displayed
31/Mar/2022 17:46:42,811- LoginToPage: User successfully logged in and Sales homepage is displayed
31/Mar/2022 17:47:03,335- AutoCalculateSeverityLevel: At Risk Register "test" was created.
31/Mar/2022 17:47:12,079- AutoCalculateSeverityLevel: Very High
31/Mar/2022 17:47:12,079- AutoCalculateSeverityLevel: When Revenue At Risk is 1000000 then security level is Very High
31/Mar/2022 18:33:19,919- LoginToPage: User successfully logged in and Sales homepage is displayed
31/Mar/2022 18:33:54,505- LoginToPage: User successfully logged in and Sales homepage is displayed
31/Mar/2022 18:35:06,970- LoginToPage: User successfully logged in and Sales homepage is displayed
01/Apr/2022 13:52:50,112- LoginToPage: User successfully logged in and Sales homepage is displayed
01/Apr/2022 15:13:09,991- LoginToPage: User successfully logged in and Sales homepage is displayed
01/Apr/2022 15:14:59,760- LoginToPage: User successfully logged in and Sales homepage is displayed
01/Apr/2022 15:15:08,880- AutopopulateAccountYDTRank: Client Overview "test" was created.
06/Apr/2022 14:58:22,785- LoginToPage: User successfully logged in and Sales homepage is displayed
06/Apr/2022 14:58:36,689- AutopopulateAccountYDTRank: Client Overview "test" was created.
06/Apr/2022 15:02:18,911- LoginToPage: User successfully logged in and Sales homepage is displayed
06/Apr/2022 15:02:28,267- AutopopulateAccountYDTRank: Client Overview "test" was created.
06/Apr/2022 15:02:31,189- AutopopulateAccountYDTRank: YTD Rank updated successfully
06/Apr/2022 15:46:44,323- LoginToPage: User successfully logged in and Sales homepage is displayed
06/Apr/2022 15:46:47,784- CaptureProductInterest: New Contact is opened
06/Apr/2022 15:47:07,673- CaptureProductInterest: Contact "Mr. Filip Jakovlevski" was created.
06/Apr/2022 15:47:11,807- CaptureProductInterest: After creating contact Life Cycle Status is New
06/Apr/2022 15:47:17,763- CaptureProductInterest: After selecting Unable to reach option on Reject or Return to Marketing Cycle Status is Engaged
06/Apr/2022 15:50:48,875- LoginToPage: User successfully logged in and Sales homepage is displayed
06/Apr/2022 15:50:52,388- CaptureProductInterest: New Contact is opened
06/Apr/2022 15:51:00,881- CaptureProductInterest: Contact "Mr. Filip Jakovlevski" was created.
06/Apr/2022 15:51:02,673- CaptureProductInterest: After creating contact Life Cycle Status is New
06/Apr/2022 15:51:10,625- CaptureProductInterest: After selecting Unable to reach option on Reject or Return to Marketing Cycle Status is Engaged
06/Apr/2022 15:51:13,903- CaptureProductInterest: After selecting Not a relevant contact option on Reject or Return to Marketing Cycle Status is Dead
07/Apr/2022 08:17:19,357- LoginToPage: User successfully logged in and Sales homepage is displayed
07/Apr/2022 08:17:22,586- CreateNewContact: New Contact is opened
07/Apr/2022 08:20:39,047- LoginToPage: User successfully logged in and Sales homepage is displayed
07/Apr/2022 08:20:41,978- CreateNewContact: New Contact is opened
07/Apr/2022 08:20:56,663- CreateNewContact: Contact "Mr. Filip Jakovlevski" was created.
07/Apr/2022 08:21:01,143- MarketingQualifiedAndNewProductInterest: Edit Filip Jakovlevski popup is opened
07/Apr/2022 08:21:03,873- MarketingQualifiedAndNewProductInterest: After changing Contact Lifecycle Status to Marketing Qualified
07/Apr/2022 08:40:01,221- LoginToPage: User successfully logged in and Sales homepage is displayed
07/Apr/2022 08:40:04,570- CreateNewContact: New Contact is opened
07/Apr/2022 08:40:19,963- CreateNewContact: Contact "Mr. Filip Jakovlevski" was created.
07/Apr/2022 08:40:24,715- MarketingQualifiedAndNewProductInterest: Edit Filip Jakovlevski popup is opened
07/Apr/2022 08:40:27,421- MarketingQualifiedAndNewProductInterest: After changing Contact Lifecycle Status to Marketing Qualified
07/Apr/2022 08:47:21,154- LoginToPage: User successfully logged in and Sales homepage is displayed
07/Apr/2022 08:47:24,648- CreateNewContact: New Contact is opened
07/Apr/2022 08:47:37,747- CreateNewContact: Contact "Mr. Filip Jakovlevski" was created.
07/Apr/2022 08:47:41,923- MarketingQualifiedAndNewProductInterest: Edit Filip Jakovlevski popup is opened
07/Apr/2022 08:47:44,565- MarketingQualifiedAndNewProductInterest: After changing Contact Lifecycle Status to Marketing Qualified
07/Apr/2022 09:07:55,907- LoginToPage: User successfully logged in and Sales homepage is displayed
07/Apr/2022 09:09:14,435- LoginToPage: User successfully logged in and Sales homepage is displayed
07/Apr/2022 09:09:17,205- CreateNewContact: New Contact is opened
07/Apr/2022 09:09:30,524- CreateNewContact: Contact "Mr. Filip Jakovlevski" was created.
07/Apr/2022 09:09:34,667- DoNotSyncToMarketo: Edit Filip Jakovlevski popup is opened
07/Apr/2022 09:09:36,960- DoNotSyncToMarketo: Legitimate Duplicate checkbox is set as true
07/Apr/2022 09:09:38,624- DoNotSyncToMarketo: Verify screenshot to see if Do not Sync To Marketo checkbox is set to TRUE!
07/Apr/2022 09:09:40,417- DoNotSyncToMarketo: Edit Filip Jakovlevski popup is opened
07/Apr/2022 09:09:45,236- DoNotSyncToMarketo: After setting Marketing Consent Type to Direct Consent Marketing Consent Date stamp is changed to 07/04/2022 08:09
07/Apr/2022 10:09:22,983- LoginToPage: User successfully logged in and Sales homepage is displayed
07/Apr/2022 10:09:26,317- CreateNewContact: New Contact is opened
07/Apr/2022 10:09:39,259- CreateNewContact: Contact "Mr. Filip Jakovlevski" was created.
07/Apr/2022 10:09:40,822- SalutationGenderField: After creating new contact with salutation MR. gender is set to Male
07/Apr/2022 11:53:21,313- LoginToPage: User successfully logged in and Sales homepage is displayed
07/Apr/2022 11:53:24,756- CreateNewContract: New CPA Contract is opened
07/Apr/2022 11:53:35,495- CreateNewContract: CPA Contract "Filip" was created.
07/Apr/2022 11:53:39,038- ContractLineAutomation: New Contract Line Items is opened
07/Apr/2022 11:53:47,167- ContractLineAutomation: 1 record was updated.
07/Apr/2022 11:53:50,007- ContractLineAutomation: Type of Start Pay Date is No SPD Required
07/Apr/2022 11:53:53,084- ContractLineAutomation: Edit Idea Portal popup is opened
07/Apr/2022 11:53:59,564- ContractLineAutomation: After editing product name to Idea Portal on Contract line product name is Idea Portal
07/Apr/2022 12:25:00,826- LoginToPage: User successfully logged in and Sales homepage is displayed
07/Apr/2022 12:25:04,526- CreateNewContract: New CPA Contract is opened
07/Apr/2022 12:25:12,406- CreateNewContract: CPA Contract "Filip" was created.
07/Apr/2022 12:25:13,590- ContractAutomations: Before updating Billing contact is  and Billing address is  and Billing Email is 
07/Apr/2022 12:25:13,590- ContractAutomations: NOTE: Before updating billing contact, billing address and billing email could be empty
07/Apr/2022 12:25:19,660- ContractAutomations: After updating Billing contact is Filip Jakovlevski and Billing address is street
city
Delhi
44444
India and Billing Email is filip.jakovlevski@clarivate.com
07/Apr/2022 13:05:14,125- LoginToPage: User successfully logged in and Sales homepage is displayed
07/Apr/2022 13:05:17,664- CreateNewAPACContract: New CPA Contract is opened
07/Apr/2022 13:05:28,972- CreateNewAPACContract: EMEA CPA Contract "Filip" was created.
07/Apr/2022 13:05:30,722- CreateNewAPACContract: After creating APAC contract with Generate Contract approval status, contract owner is Filip Jakovlevski and CPA docusign email is contractsrequestapac@cpaglobal.com
07/Apr/2022 16:33:48,315- LoginToPage: User successfully logged in and Sales homepage is displayed
07/Apr/2022 16:33:50,042- CreateNewANZAccount: CPA customer is selected
07/Apr/2022 18:14:29,475- LoginToPage: User successfully logged in and Sales homepage is displayed
07/Apr/2022 18:14:30,234- CreateNewANZAccount: CPA customer is selected
07/Apr/2022 19:00:38,702- LoginToPage: User successfully logged in and Sales homepage is displayed
07/Apr/2022 19:00:39,349- CreateNewANZAccount: CPA customer is selected
07/Apr/2022 19:04:21,451- LoginToPage: User successfully logged in and Sales homepage is displayed
07/Apr/2022 19:04:22,225- CreateNewANZAccount: CPA customer is selected
07/Apr/2022 19:05:28,190- CreateNewANZAccount: Account "Filip_ANZacc" was created.
07/Apr/2022 19:09:41,035- LoginToPage: User successfully logged in and Sales homepage is displayed
07/Apr/2022 19:09:41,963- CreateNewANZAccount: CPA customer is selected
07/Apr/2022 19:15:31,964- LoginToPage: User successfully logged in and Sales homepage is displayed
07/Apr/2022 19:15:33,152- CreateNewANZAccount: CPA customer is selected
07/Apr/2022 19:17:26,141- LoginToPage: User successfully logged in and Sales homepage is displayed
07/Apr/2022 19:17:27,184- CreateNewANZAccount: CPA customer is selected
07/Apr/2022 19:18:37,283- CreateNewANZAccount: Account "Filip_ANZacc1" was created.
07/Apr/2022 19:41:46,926- LoginToPage: User successfully logged in and Sales homepage is displayed
07/Apr/2022 19:41:47,626- CreateNewANZAccount: CPA customer is selected
07/Apr/2022 19:44:07,726- LoginToPage: User successfully logged in and Sales homepage is displayed
07/Apr/2022 19:44:09,498- CreateNewANZAccount: CPA customer is selected
07/Apr/2022 19:45:21,851- CreateNewANZAccount: Account "Filip_ANZacc2" was created.
